# JRE version: Java(TM) SE Runtime Environment (8.0_111-b14) (build 1.8.0_111-b14)
# Java VM: Java HotSpot(TM) 64-Bit Server VM (25.111-b14 mixed mode linux-amd64 compressed oops)
Heap:
 PSYoungGen      total 2104320K, used 3657K [0x0000000716b00000, 0x0000000798800000, 0x00000007c0000000)
  eden space 2081792K, 0% used [0x0000000716b00000,0x0000000716b00000,0x0000000795c00000)
  from space 22528K, 16% used [0x0000000795c00000,0x0000000795f924f0,0x0000000797200000)
  to   space 21504K, 0% used [0x0000000797300000,0x0000000797300000,0x0000000798800000)
 ParOldGen       total 84992K, used 49613K [0x00000005c4000000, 0x00000005c9300000, 0x0000000716b00000)
  object space 84992K, 58% used [0x00000005c4000000,0x00000005c7073530,0x00000005c9300000)
 Metaspace       used 18607K, capacity 18880K, committed 19072K, reserved 1067008K
  class space    used 1818K, capacity 1899K, committed 1920K, reserved 1048576K
GC Heap History (10 events):
Event: 5,428 GC heap after
Heap after GC invocations=10 (full 0):
 PSYoungGen      total 838144K, used 5107K [0x0000000716b00000, 0x000000074b700000, 0x00000007c0000000)
  eden space 813056K, 0% used [0x0000000716b00000,0x0000000716b00000,0x0000000748500000)
  from space 25088K, 20% used [0x0000000749e80000,0x000000074a37cd88,0x000000074b700000)
  to   space 25600K, 0% used [0x0000000748500000,0x0000000748500000,0x0000000749e00000)
 ParOldGen       total 84992K, used 49437K [0x00000005c4000000, 0x00000005c9300000, 0x0000000716b00000)
  object space 84992K, 58% used [0x00000005c4000000,0x00000005c7047530,0x00000005c9300000)
 Metaspace       used 18308K, capacity 18612K, committed 18816K, reserved 1067008K
  class space    used 1816K, capacity 1897K, committed 1920K, reserved 1048576K
}
Event: 6,461 GC heap before
{Heap before GC invocations=11 (full 0):
 PSYoungGen      total 838144K, used 818163K [0x0000000716b00000, 0x000000074b700000, 0x00000007c0000000)
  eden space 813056K, 100% used [0x0000000716b00000,0x0000000748500000,0x0000000748500000)
  from space 25088K, 20% used [0x0000000749e80000,0x000000074a37cd88,0x000000074b700000)
  to   space 25600K, 0% used [0x0000000748500000,0x0000000748500000,0x0000000749e00000)
 ParOldGen       total 84992K, used 49437K [0x00000005c4000000, 0x00000005c9300000, 0x0000000716b00000)
  object space 84992K, 58% used [0x00000005c4000000,0x00000005c7047530,0x00000005c9300000)
 Metaspace       used 18415K, capacity 18676K, committed 18816K, reserved 1067008K
  class space    used 1816K, capacity 1897K, committed 1920K, reserved 1048576K
Event: 6,466 GC heap after
Heap after GC invocations=11 (full 0):
 PSYoungGen      total 838656K, used 5736K [0x0000000716b00000, 0x0000000769280000, 0x00000007c0000000)
  eden space 813056K, 0% used [0x0000000716b00000,0x0000000716b00000,0x0000000748500000)
  from space 25600K, 22% used [0x0000000748500000,0x0000000748a9a0c8,0x0000000749e00000)
  to   space 25088K, 0% used [0x0000000767a00000,0x0000000767a00000,0x0000000769280000)
 ParOldGen       total 84992K, used 49493K [0x00000005c4000000, 0x00000005c9300000, 0x0000000716b00000)
  object space 84992K, 58% used [0x00000005c4000000,0x00000005c7055530,0x00000005c9300000)
 Metaspace       used 18415K, capacity 18676K, committed 18816K, reserved 1067008K
  class space    used 1816K, capacity 1897K, committed 1920K, reserved 1048576K
}
Event: 7,355 GC heap before
{Heap before GC invocations=12 (full 0):
 PSYoungGen      total 838656K, used 818792K [0x0000000716b00000, 0x0000000769280000, 0x00000007c0000000)
  eden space 813056K, 100% used [0x0000000716b00000,0x0000000748500000,0x0000000748500000)
  from space 25600K, 22% used [0x0000000748500000,0x0000000748a9a0c8,0x0000000749e00000)
  to   space 25088K, 0% used [0x0000000767a00000,0x0000000767a00000,0x0000000769280000)
 ParOldGen       total 84992K, used 49493K [0x00000005c4000000, 0x00000005c9300000, 0x0000000716b00000)
  object space 84992K, 58% used [0x00000005c4000000,0x00000005c7055530,0x00000005c9300000)
 Metaspace       used 18470K, capacity 18804K, committed 19072K, reserved 1067008K
  class space    used 1816K, capacity 1897K, committed 1920K, reserved 1048576K
Event: 7,362 GC heap after
Heap after GC invocations=12 (full 0):
 PSYoungGen      total 1324032K, used 8690K [0x0000000716b00000, 0x0000000769080000, 0x00000007c0000000)
  eden space 1300992K, 0% used [0x0000000716b00000,0x0000000716b00000,0x0000000766180000)
  from space 23040K, 37% used [0x0000000767a00000,0x000000076827c8d8,0x0000000769080000)
  to   space 24064K, 0% used [0x0000000766180000,0x0000000766180000,0x0000000767900000)
 ParOldGen       total 84992K, used 49525K [0x00000005c4000000, 0x00000005c9300000, 0x0000000716b00000)
  object space 84992K, 58% used [0x00000005c4000000,0x00000005c705d530,0x00000005c9300000)
 Metaspace       used 18470K, capacity 18804K, committed 19072K, reserved 1067008K
  class space    used 1816K, capacity 1897K, committed 1920K, reserved 1048576K
}
Event: 8,934 GC heap before
{Heap before GC invocations=13 (full 0):
 PSYoungGen      total 1324032K, used 1309682K [0x0000000716b00000, 0x0000000769080000, 0x00000007c0000000)
  eden space 1300992K, 100% used [0x0000000716b00000,0x0000000766180000,0x0000000766180000)
  from space 23040K, 37% used [0x0000000767a00000,0x000000076827c8d8,0x0000000769080000)
  to   space 24064K, 0% used [0x0000000766180000,0x0000000766180000,0x0000000767900000)
 ParOldGen       total 84992K, used 49525K [0x00000005c4000000, 0x00000005c9300000, 0x0000000716b00000)
  object space 84992K, 58% used [0x00000005c4000000,0x00000005c705d530,0x00000005c9300000)
 Metaspace       used 18509K, capacity 18804K, committed 19072K, reserved 1067008K
  class space    used 1816K, capacity 1897K, committed 1920K, reserved 1048576K
Event: 8,942 GC heap after
Heap after GC invocations=13 (full 0):
 PSYoungGen      total 1325056K, used 6537K [0x0000000716b00000, 0x0000000798a00000, 0x00000007c0000000)
  eden space 1300992K, 0% used [0x0000000716b00000,0x0000000716b00000,0x0000000766180000)
  from space 24064K, 27% used [0x0000000766180000,0x00000007667e2508,0x0000000767900000)
  to   space 23552K, 0% used [0x0000000797300000,0x0000000797300000,0x0000000798a00000)
 ParOldGen       total 84992K, used 49557K [0x00000005c4000000, 0x00000005c9300000, 0x0000000716b00000)
  object space 84992K, 58% used [0x00000005c4000000,0x00000005c7065530,0x00000005c9300000)
 Metaspace       used 18509K, capacity 18804K, committed 19072K, reserved 1067008K
  class space    used 1816K, capacity 1897K, committed 1920K, reserved 1048576K
}
Event: 10,100 GC heap before
{Heap before GC invocations=14 (full 0):
 PSYoungGen      total 1325056K, used 1307529K [0x0000000716b00000, 0x0000000798a00000, 0x00000007c0000000)
  eden space 1300992K, 100% used [0x0000000716b00000,0x0000000766180000,0x0000000766180000)
  from space 24064K, 27% used [0x0000000766180000,0x00000007667e2508,0x0000000767900000)
  to   space 23552K, 0% used [0x0000000797300000,0x0000000797300000,0x0000000798a00000)
 ParOldGen       total 84992K, used 49557K [0x00000005c4000000, 0x00000005c9300000, 0x0000000716b00000)
  object space 84992K, 58% used [0x00000005c4000000,0x00000005c7065530,0x00000005c9300000)
 Metaspace       used 18566K, capacity 18868K, committed 19072K, reserved 1067008K
  class space    used 1816K, capacity 1897K, committed 1920K, reserved 1048576K
Event: 10,108 GC heap after
Heap after GC invocations=14 (full 0):
 PSYoungGen      total 2103296K, used 7379K [0x0000000716b00000, 0x0000000798800000, 0x00000007c0000000)
  eden space 2081792K, 0% used [0x0000000716b00000,0x0000000716b00000,0x0000000795c00000)
  from space 21504K, 34% used [0x0000000797300000,0x0000000797a34f68,0x0000000798800000)
  to   space 22528K, 0% used [0x0000000795c00000,0x0000000795c00000,0x0000000797200000)
 ParOldGen       total 84992K, used 49581K [0x00000005c4000000, 0x00000005c9300000, 0x0000000716b00000)
  object space 84992K, 58% used [0x00000005c4000000,0x00000005c706b530,0x00000005c9300000)
 Metaspace       used 18566K, capacity 18868K, committed 19072K, reserved 1067008K
  class space    used 1816K, capacity 1897K, committed 1920K, reserved 1048576K
}
Event: 12,606 GC heap before
{Heap before GC invocations=15 (full 0):
 PSYoungGen      total 2103296K, used 2089171K [0x0000000716b00000, 0x0000000798800000, 0x00000007c0000000)
  eden space 2081792K, 100% used [0x0000000716b00000,0x0000000795c00000,0x0000000795c00000)
  from space 21504K, 34% used [0x0000000797300000,0x0000000797a34f68,0x0000000798800000)
  to   space 22528K, 0% used [0x0000000795c00000,0x0000000795c00000,0x0000000797200000)
 ParOldGen       total 84992K, used 49581K [0x00000005c4000000, 0x00000005c9300000, 0x0000000716b00000)
  object space 84992K, 58% used [0x00000005c4000000,0x00000005c706b530,0x00000005c9300000)
 Metaspace       used 18607K, capacity 18880K, committed 19072K, reserved 1067008K
  class space    used 1818K, capacity 1899K, committed 1920K, reserved 1048576K

