# JRE version: Java(TM) SE Runtime Environment (8.0_111-b14) (build 1.8.0_111-b14)
# Java VM: Java HotSpot(TM) 64-Bit Server VM (25.111-b14 mixed mode linux-amd64 compressed oops)
Heap:
 PSYoungGen      total 1369600K, used 379013K [0x0000000716b00000, 0x0000000792000000, 0x00000007c0000000)
  eden space 893440K, 0% used [0x0000000716b00000,0x0000000716b00000,0x000000074d380000)
  from space 476160K, 79% used [0x0000000774f00000,0x000000078c121768,0x0000000792000000)
  to   space 431104K, 0% used [0x000000074d380000,0x000000074d380000,0x0000000767880000)
 ParOldGen       total 2428416K, used 2405096K [0x00000005c4000000, 0x0000000658380000, 0x0000000716b00000)
  object space 2428416K, 99% used [0x00000005c4000000,0x0000000656cba3e8,0x0000000658380000)
 Metaspace       used 8876K, capacity 9054K, committed 9216K, reserved 1056768K
  class space    used 937K, capacity 1015K, committed 1024K, reserved 1048576K
GC Heap History (10 events):
Event: 5,548 GC heap after
Heap after GC invocations=26 (full 7):
 PSYoungGen      total 1101824K, used 309887K [0x0000000716b00000, 0x000000077fa00000, 0x00000007c0000000)
  eden space 751616K, 0% used [0x0000000716b00000,0x0000000716b00000,0x0000000744900000)
  from space 350208K, 88% used [0x0000000744900000,0x000000075779fde0,0x0000000759f00000)
  to   space 394752K, 0% used [0x0000000767880000,0x0000000767880000,0x000000077fa00000)
 ParOldGen       total 1464832K, used 1464661K [0x00000005c4000000, 0x000000061d680000, 0x0000000716b00000)
  object space 1464832K, 99% used [0x00000005c4000000,0x000000061d655578,0x000000061d680000)
 Metaspace       used 8871K, capacity 9054K, committed 9216K, reserved 1056768K
  class space    used 937K, capacity 1015K, committed 1024K, reserved 1048576K
}
Event: 5,548 GC heap before
{Heap before GC invocations=27 (full 8):
 PSYoungGen      total 1101824K, used 309887K [0x0000000716b00000, 0x000000077fa00000, 0x00000007c0000000)
  eden space 751616K, 0% used [0x0000000716b00000,0x0000000716b00000,0x0000000744900000)
  from space 350208K, 88% used [0x0000000744900000,0x000000075779fde0,0x0000000759f00000)
  to   space 394752K, 0% used [0x0000000767880000,0x0000000767880000,0x000000077fa00000)
 ParOldGen       total 1464832K, used 1464661K [0x00000005c4000000, 0x000000061d680000, 0x0000000716b00000)
  object space 1464832K, 99% used [0x00000005c4000000,0x000000061d655578,0x000000061d680000)
 Metaspace       used 8871K, capacity 9054K, committed 9216K, reserved 1056768K
  class space    used 937K, capacity 1015K, committed 1024K, reserved 1048576K
Event: 5,814 GC heap after
Heap after GC invocations=27 (full 8):
 PSYoungGen      total 1101824K, used 243517K [0x0000000716b00000, 0x000000077fa00000, 0x00000007c0000000)
  eden space 751616K, 0% used [0x0000000716b00000,0x0000000716b00000,0x0000000744900000)
  from space 350208K, 69% used [0x0000000744900000,0x00000007536cf7c0,0x0000000759f00000)
  to   space 394752K, 0% used [0x0000000767880000,0x0000000767880000,0x000000077fa00000)
 ParOldGen       total 1911808K, used 1464447K [0x00000005c4000000, 0x0000000638b00000, 0x0000000716b00000)
  object space 1911808K, 76% used [0x00000005c4000000,0x000000061d61fe00,0x0000000638b00000)
 Metaspace       used 8871K, capacity 9054K, committed 9216K, reserved 1056768K
  class space    used 937K, capacity 1015K, committed 1024K, reserved 1048576K
}
Event: 6,071 GC heap before
{Heap before GC invocations=28 (full 8):
 PSYoungGen      total 1101824K, used 995133K [0x0000000716b00000, 0x000000077fa00000, 0x00000007c0000000)
  eden space 751616K, 100% used [0x0000000716b00000,0x0000000744900000,0x0000000744900000)
  from space 350208K, 69% used [0x0000000744900000,0x00000007536cf7c0,0x0000000759f00000)
  to   space 394752K, 0% used [0x0000000767880000,0x0000000767880000,0x000000077fa00000)
 ParOldGen       total 1911808K, used 1464447K [0x00000005c4000000, 0x0000000638b00000, 0x0000000716b00000)
  object space 1911808K, 76% used [0x00000005c4000000,0x000000061d61fe00,0x0000000638b00000)
 Metaspace       used 8872K, capacity 9054K, committed 9216K, reserved 1056768K
  class space    used 937K, capacity 1015K, committed 1024K, reserved 1048576K
Event: 6,344 GC heap after
Heap after GC invocations=28 (full 8):
 PSYoungGen      total 1288192K, used 313745K [0x0000000716b00000, 0x0000000784100000, 0x00000007c0000000)
  eden space 893440K, 0% used [0x0000000716b00000,0x0000000716b00000,0x000000074d380000)
  from space 394752K, 79% used [0x0000000767880000,0x000000077aae4668,0x000000077fa00000)
  to   space 431104K, 0% used [0x000000074d380000,0x000000074d380000,0x0000000767880000)
 ParOldGen       total 1911808K, used 1739299K [0x00000005c4000000, 0x0000000638b00000, 0x0000000716b00000)
  object space 1911808K, 90% used [0x00000005c4000000,0x000000062e288fe0,0x0000000638b00000)
 Metaspace       used 8872K, capacity 9054K, committed 9216K, reserved 1056768K
  class space    used 937K, capacity 1015K, committed 1024K, reserved 1048576K
}
Event: 6,344 GC heap before
{Heap before GC invocations=29 (full 9):
 PSYoungGen      total 1288192K, used 313745K [0x0000000716b00000, 0x0000000784100000, 0x00000007c0000000)
  eden space 893440K, 0% used [0x0000000716b00000,0x0000000716b00000,0x000000074d380000)
  from space 394752K, 79% used [0x0000000767880000,0x000000077aae4668,0x000000077fa00000)
  to   space 431104K, 0% used [0x000000074d380000,0x000000074d380000,0x0000000767880000)
 ParOldGen       total 1911808K, used 1739299K [0x00000005c4000000, 0x0000000638b00000, 0x0000000716b00000)
  object space 1911808K, 90% used [0x00000005c4000000,0x000000062e288fe0,0x0000000638b00000)
 Metaspace       used 8872K, capacity 9054K, committed 9216K, reserved 1056768K
  class space    used 937K, capacity 1015K, committed 1024K, reserved 1048576K
Event: 6,958 GC heap after
Heap after GC invocations=29 (full 9):
 PSYoungGen      total 1288192K, used 88301K [0x0000000716b00000, 0x0000000784100000, 0x00000007c0000000)
  eden space 893440K, 0% used [0x0000000716b00000,0x0000000716b00000,0x000000074d380000)
  from space 394752K, 22% used [0x0000000767880000,0x000000076cebb698,0x000000077fa00000)
  to   space 431104K, 0% used [0x000000074d380000,0x000000074d380000,0x0000000767880000)
 ParOldGen       total 2428416K, used 1911449K [0x00000005c4000000, 0x0000000658380000, 0x0000000716b00000)
  object space 2428416K, 78% used [0x00000005c4000000,0x0000000638aa66c8,0x0000000658380000)
 Metaspace       used 8872K, capacity 9054K, committed 9216K, reserved 1056768K
  class space    used 937K, capacity 1015K, committed 1024K, reserved 1048576K
}
Event: 7,359 GC heap before
{Heap before GC invocations=30 (full 9):
 PSYoungGen      total 1288192K, used 981741K [0x0000000716b00000, 0x0000000784100000, 0x00000007c0000000)
  eden space 893440K, 100% used [0x0000000716b00000,0x000000074d380000,0x000000074d380000)
  from space 394752K, 22% used [0x0000000767880000,0x000000076cebb698,0x000000077fa00000)
  to   space 431104K, 0% used [0x000000074d380000,0x000000074d380000,0x0000000767880000)
 ParOldGen       total 2428416K, used 1911449K [0x00000005c4000000, 0x0000000658380000, 0x0000000716b00000)
  object space 2428416K, 78% used [0x00000005c4000000,0x0000000638aa66c8,0x0000000658380000)
 Metaspace       used 8872K, capacity 9054K, committed 9216K, reserved 1056768K
  class space    used 937K, capacity 1015K, committed 1024K, reserved 1048576K
Event: 7,522 GC heap after
Heap after GC invocations=30 (full 9):
 PSYoungGen      total 1324544K, used 357600K [0x0000000716b00000, 0x0000000792000000, 0x00000007c0000000)
  eden space 893440K, 0% used [0x0000000716b00000,0x0000000716b00000,0x000000074d380000)
  from space 431104K, 82% used [0x000000074d380000,0x00000007630b8270,0x0000000767880000)
  to   space 476160K, 0% used [0x0000000774f00000,0x0000000774f00000,0x0000000792000000)
 ParOldGen       total 2428416K, used 2019416K [0x00000005c4000000, 0x0000000658380000, 0x0000000716b00000)
  object space 2428416K, 83% used [0x00000005c4000000,0x000000063f416178,0x0000000658380000)
 Metaspace       used 8872K, capacity 9054K, committed 9216K, reserved 1056768K
  class space    used 937K, capacity 1015K, committed 1024K, reserved 1048576K
}
Event: 7,924 GC heap before
{Heap before GC invocations=31 (full 9):
 PSYoungGen      total 1324544K, used 1251040K [0x0000000716b00000, 0x0000000792000000, 0x00000007c0000000)
  eden space 893440K, 100% used [0x0000000716b00000,0x000000074d380000,0x000000074d380000)
  from space 431104K, 82% used [0x000000074d380000,0x00000007630b8270,0x0000000767880000)
  to   space 476160K, 0% used [0x0000000774f00000,0x0000000774f00000,0x0000000792000000)
 ParOldGen       total 2428416K, used 2019416K [0x00000005c4000000, 0x0000000658380000, 0x0000000716b00000)
  object space 2428416K, 83% used [0x00000005c4000000,0x000000063f416178,0x0000000658380000)
 Metaspace       used 8876K, capacity 9054K, committed 9216K, reserved 1056768K
  class space    used 937K, capacity 1015K, committed 1024K, reserved 1048576K

