# JRE version: Java(TM) SE Runtime Environment (8.0_121-b13) (build 1.8.0_121-b13)
# Java VM: Java HotSpot(TM) 64-Bit Server VM (25.121-b13 mixed mode linux-amd64 compressed oops)
Heap:
 PSYoungGen      total 1517568K, used 553982K [0x0000000716b00000, 0x000000079f200000, 0x00000007c0000000)
  eden space 963584K, 0% used [0x0000000716b00000,0x0000000716b00000,0x0000000751800000)
  from space 553984K, 99% used [0x000000077d500000,0x000000079f1ff990,0x000000079f200000)
  to   space 497152K, 0% used [0x0000000751800000,0x0000000751800000,0x000000076fd80000)
 ParOldGen       total 2468352K, used 2372972K [0x00000005c4000000, 0x000000065aa80000, 0x0000000716b00000)
  object space 2468352K, 96% used [0x00000005c4000000,0x0000000654d5b028,0x000000065aa80000)
 Metaspace       used 8193K, capacity 8320K, committed 8448K, reserved 1056768K
  class space    used 871K, capacity 921K, committed 1024K, reserved 1048576K
GC Heap History (10 events):
Event: 6,902 GC heap after
Heap after GC invocations=21 (full 6):
 PSYoungGen      total 1172992K, used 361604K [0x0000000716b00000, 0x000000078b600000, 0x00000007c0000000)
  eden space 776704K, 0% used [0x0000000716b00000,0x0000000716b00000,0x0000000746180000)
  from space 396288K, 91% used [0x0000000746180000,0x000000075c2a13f0,0x000000075e480000)
  to   space 451072K, 0% used [0x000000076fd80000,0x000000076fd80000,0x000000078b600000)
 ParOldGen       total 1527808K, used 1365222K [0x00000005c4000000, 0x0000000621400000, 0x0000000716b00000)
  object space 1527808K, 89% used [0x00000005c4000000,0x0000000617539990,0x0000000621400000)
 Metaspace       used 8171K, capacity 8320K, committed 8448K, reserved 1056768K
  class space    used 870K, capacity 921K, committed 1024K, reserved 1048576K
}
Event: 6,902 GC heap before
{Heap before GC invocations=22 (full 7):
 PSYoungGen      total 1172992K, used 361604K [0x0000000716b00000, 0x000000078b600000, 0x00000007c0000000)
  eden space 776704K, 0% used [0x0000000716b00000,0x0000000716b00000,0x0000000746180000)
  from space 396288K, 91% used [0x0000000746180000,0x000000075c2a13f0,0x000000075e480000)
  to   space 451072K, 0% used [0x000000076fd80000,0x000000076fd80000,0x000000078b600000)
 ParOldGen       total 1527808K, used 1365222K [0x00000005c4000000, 0x0000000621400000, 0x0000000716b00000)
  object space 1527808K, 89% used [0x00000005c4000000,0x0000000617539990,0x0000000621400000)
 Metaspace       used 8171K, capacity 8320K, committed 8448K, reserved 1056768K
  class space    used 870K, capacity 921K, committed 1024K, reserved 1048576K
Event: 7,277 GC heap after
Heap after GC invocations=22 (full 7):
 PSYoungGen      total 1172992K, used 185665K [0x0000000716b00000, 0x000000078b600000, 0x00000007c0000000)
  eden space 776704K, 0% used [0x0000000716b00000,0x0000000716b00000,0x0000000746180000)
  from space 396288K, 46% used [0x0000000746180000,0x00000007516d0718,0x000000075e480000)
  to   space 451072K, 0% used [0x000000076fd80000,0x000000076fd80000,0x000000078b600000)
 ParOldGen       total 1975808K, used 1527630K [0x00000005c4000000, 0x000000063c980000, 0x0000000716b00000)
  object space 1975808K, 77% used [0x00000005c4000000,0x00000006213d3b48,0x000000063c980000)
 Metaspace       used 8171K, capacity 8320K, committed 8448K, reserved 1056768K
  class space    used 870K, capacity 921K, committed 1024K, reserved 1048576K
}
Event: 7,587 GC heap before
{Heap before GC invocations=23 (full 7):
 PSYoungGen      total 1172992K, used 962369K [0x0000000716b00000, 0x000000078b600000, 0x00000007c0000000)
  eden space 776704K, 100% used [0x0000000716b00000,0x0000000746180000,0x0000000746180000)
  from space 396288K, 46% used [0x0000000746180000,0x00000007516d0718,0x000000075e480000)
  to   space 451072K, 0% used [0x000000076fd80000,0x000000076fd80000,0x000000078b600000)
 ParOldGen       total 1975808K, used 1527630K [0x00000005c4000000, 0x000000063c980000, 0x0000000716b00000)
  object space 1975808K, 77% used [0x00000005c4000000,0x00000006213d3b48,0x000000063c980000)
 Metaspace       used 8177K, capacity 8320K, committed 8448K, reserved 1056768K
  class space    used 870K, capacity 921K, committed 1024K, reserved 1048576K
Event: 7,861 GC heap after
Heap after GC invocations=23 (full 7):
 PSYoungGen      total 1414656K, used 368198K [0x0000000716b00000, 0x0000000790700000, 0x00000007c0000000)
  eden space 963584K, 0% used [0x0000000716b00000,0x0000000716b00000,0x0000000751800000)
  from space 451072K, 81% used [0x000000076fd80000,0x0000000786511ac0,0x000000078b600000)
  to   space 497152K, 0% used [0x0000000751800000,0x0000000751800000,0x000000076fd80000)
 ParOldGen       total 1975808K, used 1722863K [0x00000005c4000000, 0x000000063c980000, 0x0000000716b00000)
  object space 1975808K, 87% used [0x00000005c4000000,0x000000062d27be00,0x000000063c980000)
 Metaspace       used 8177K, capacity 8320K, committed 8448K, reserved 1056768K
  class space    used 870K, capacity 921K, committed 1024K, reserved 1048576K
}
Event: 7,861 GC heap before
{Heap before GC invocations=24 (full 8):
 PSYoungGen      total 1414656K, used 368198K [0x0000000716b00000, 0x0000000790700000, 0x00000007c0000000)
  eden space 963584K, 0% used [0x0000000716b00000,0x0000000716b00000,0x0000000751800000)
  from space 451072K, 81% used [0x000000076fd80000,0x0000000786511ac0,0x000000078b600000)
  to   space 497152K, 0% used [0x0000000751800000,0x0000000751800000,0x000000076fd80000)
 ParOldGen       total 1975808K, used 1722863K [0x00000005c4000000, 0x000000063c980000, 0x0000000716b00000)
  object space 1975808K, 87% used [0x00000005c4000000,0x000000062d27be00,0x000000063c980000)
 Metaspace       used 8177K, capacity 8320K, committed 8448K, reserved 1056768K
  class space    used 870K, capacity 921K, committed 1024K, reserved 1048576K
Event: 8,390 GC heap after
Heap after GC invocations=24 (full 8):
 PSYoungGen      total 1414656K, used 64441K [0x0000000716b00000, 0x0000000790700000, 0x00000007c0000000)
  eden space 963584K, 0% used [0x0000000716b00000,0x0000000716b00000,0x0000000751800000)
  from space 451072K, 14% used [0x000000076fd80000,0x0000000773c6e7f8,0x000000078b600000)
  to   space 497152K, 0% used [0x0000000751800000,0x0000000751800000,0x000000076fd80000)
 ParOldGen       total 2468352K, used 1975775K [0x00000005c4000000, 0x000000065aa80000, 0x0000000716b00000)
  object space 2468352K, 80% used [0x00000005c4000000,0x000000063c977f48,0x000000065aa80000)
 Metaspace       used 8177K, capacity 8320K, committed 8448K, reserved 1056768K
  class space    used 870K, capacity 921K, committed 1024K, reserved 1048576K
}
Event: 8,774 GC heap before
{Heap before GC invocations=25 (full 8):
 PSYoungGen      total 1414656K, used 1028025K [0x0000000716b00000, 0x0000000790700000, 0x00000007c0000000)
  eden space 963584K, 100% used [0x0000000716b00000,0x0000000751800000,0x0000000751800000)
  from space 451072K, 14% used [0x000000076fd80000,0x0000000773c6e7f8,0x000000078b600000)
  to   space 497152K, 0% used [0x0000000751800000,0x0000000751800000,0x000000076fd80000)
 ParOldGen       total 2468352K, used 1975775K [0x00000005c4000000, 0x000000065aa80000, 0x0000000716b00000)
  object space 2468352K, 80% used [0x00000005c4000000,0x000000063c977f48,0x000000065aa80000)
 Metaspace       used 8187K, capacity 8320K, committed 8448K, reserved 1056768K
  class space    used 871K, capacity 921K, committed 1024K, reserved 1048576K
Event: 8,960 GC heap after
Heap after GC invocations=25 (full 8):
 PSYoungGen      total 1460736K, used 423938K [0x0000000716b00000, 0x000000079f200000, 0x00000007c0000000)
  eden space 963584K, 0% used [0x0000000716b00000,0x0000000716b00000,0x0000000751800000)
  from space 497152K, 85% used [0x0000000751800000,0x000000076b600888,0x000000076fd80000)
  to   space 553984K, 0% used [0x000000077d500000,0x000000077d500000,0x000000079f200000)
 ParOldGen       total 2468352K, used 2043183K [0x00000005c4000000, 0x000000065aa80000, 0x0000000716b00000)
  object space 2468352K, 82% used [0x00000005c4000000,0x0000000640b4bf48,0x000000065aa80000)
 Metaspace       used 8187K, capacity 8320K, committed 8448K, reserved 1056768K
  class space    used 871K, capacity 921K, committed 1024K, reserved 1048576K
}
Event: 9,325 GC heap before
{Heap before GC invocations=26 (full 8):
 PSYoungGen      total 1460736K, used 1387522K [0x0000000716b00000, 0x000000079f200000, 0x00000007c0000000)
  eden space 963584K, 100% used [0x0000000716b00000,0x0000000751800000,0x0000000751800000)
  from space 497152K, 85% used [0x0000000751800000,0x000000076b600888,0x000000076fd80000)
  to   space 553984K, 0% used [0x000000077d500000,0x000000077d500000,0x000000079f200000)
 ParOldGen       total 2468352K, used 2043183K [0x00000005c4000000, 0x000000065aa80000, 0x0000000716b00000)
  object space 2468352K, 82% used [0x00000005c4000000,0x0000000640b4bf48,0x000000065aa80000)
 Metaspace       used 8193K, capacity 8320K, committed 8448K, reserved 1056768K
  class space    used 871K, capacity 921K, committed 1024K, reserved 1048576K

