# JRE version: OpenJDK Runtime Environment (7.0_121) (build 1.7.0_121-b00)
# Java VM: OpenJDK 64-Bit Server VM (24.121-b00 mixed mode linux-amd64 compressed oops)
Heap
 PSYoungGen      total 2969600K, used 87815K [0x00000006c7800000, 0x00000007f1200000, 0x0000000800000000)
  eden space 1263104K, 0% used [0x00000006c7800000,0x00000006c7800000,0x0000000714980000)
  from space 1706496K, 5% used [0x0000000714980000,0x0000000719f41ff8,0x000000077cc00000)
  to   space 1706496K, 0% used [0x0000000788f80000,0x0000000788f80000,0x00000007f1200000)
 ParOldGen       total 7468032K, used 7467716K [0x0000000456800000, 0x000000061e500000, 0x00000006c7800000)
  object space 7468032K, 99% used [0x0000000456800000,0x000000061e4b1098,0x000000061e500000)
 PSPermGen       total 21504K, used 8374K [0x000000044c200000, 0x000000044d700000, 0x0000000456800000)
  object space 21504K, 38% used [0x000000044c200000,0x000000044ca2d9c0,0x000000044d700000)
GC Heap History (10 events):
Event: 18,773 GC heap after
Heap after GC invocations=34 (full 10):
 PSYoungGen      total 2429952K, used 886987K [0x00000006c7800000, 0x00000007f3c00000, 0x0000000800000000)
  eden space 1100288K, 0% used [0x00000006c7800000,0x00000006c7800000,0x000000070aa80000)
  from space 1329664K, 66% used [0x0000000772c80000,0x00000007a8eb2fa0,0x00000007c3f00000)
  to   space 1705984K, 0% used [0x000000070aa80000,0x000000070aa80000,0x0000000772c80000)
 ParOldGen       total 6206464K, used 5141923K [0x0000000456800000, 0x00000005d1500000, 0x00000006c7800000)
  object space 6206464K, 82% used [0x0000000456800000,0x0000000590568e18,0x00000005d1500000)
 PSPermGen       total 21504K, used 8370K [0x000000044c200000, 0x000000044d700000, 0x0000000456800000)
  object space 21504K, 38% used [0x000000044c200000,0x000000044ca2c8e0,0x000000044d700000)
}
Event: 19,107 GC heap before
{Heap before GC invocations=35 (full 10):
 PSYoungGen      total 2429952K, used 1987275K [0x00000006c7800000, 0x00000007f3c00000, 0x0000000800000000)
  eden space 1100288K, 100% used [0x00000006c7800000,0x000000070aa80000,0x000000070aa80000)
  from space 1329664K, 66% used [0x0000000772c80000,0x00000007a8eb2fa0,0x00000007c3f00000)
  to   space 1705984K, 0% used [0x000000070aa80000,0x000000070aa80000,0x0000000772c80000)
 ParOldGen       total 6206464K, used 5141923K [0x0000000456800000, 0x00000005d1500000, 0x00000006c7800000)
  object space 6206464K, 82% used [0x0000000456800000,0x0000000590568e18,0x00000005d1500000)
 PSPermGen       total 21504K, used 8370K [0x000000044c200000, 0x000000044d700000, 0x0000000456800000)
  object space 21504K, 38% used [0x000000044c200000,0x000000044ca2c920,0x000000044d700000)
Event: 19,712 GC heap after
Heap after GC invocations=35 (full 10):
 PSYoungGen      total 2806272K, used 1137014K [0x00000006c7800000, 0x00000007e4e80000, 0x0000000800000000)
  eden space 1100288K, 0% used [0x00000006c7800000,0x00000006c7800000,0x000000070aa80000)
  from space 1705984K, 66% used [0x000000070aa80000,0x00000007500ddb00,0x0000000772c80000)
  to   space 1706496K, 0% used [0x000000077cc00000,0x000000077cc00000,0x00000007e4e80000)
 ParOldGen       total 6206464K, used 5552310K [0x0000000456800000, 0x00000005d1500000, 0x00000006c7800000)
  object space 6206464K, 89% used [0x0000000456800000,0x00000005a962d950,0x00000005d1500000)
 PSPermGen       total 21504K, used 8370K [0x000000044c200000, 0x000000044d700000, 0x0000000456800000)
  object space 21504K, 38% used [0x000000044c200000,0x000000044ca2c920,0x000000044d700000)
}
Event: 20,043 GC heap before
{Heap before GC invocations=36 (full 10):
 PSYoungGen      total 2806272K, used 2237302K [0x00000006c7800000, 0x00000007e4e80000, 0x0000000800000000)
  eden space 1100288K, 100% used [0x00000006c7800000,0x000000070aa80000,0x000000070aa80000)
  from space 1705984K, 66% used [0x000000070aa80000,0x00000007500ddb00,0x0000000772c80000)
  to   space 1706496K, 0% used [0x000000077cc00000,0x000000077cc00000,0x00000007e4e80000)
 ParOldGen       total 6206464K, used 5552310K [0x0000000456800000, 0x00000005d1500000, 0x00000006c7800000)
  object space 6206464K, 89% used [0x0000000456800000,0x00000005a962d950,0x00000005d1500000)
 PSPermGen       total 21504K, used 8373K [0x000000044c200000, 0x000000044d700000, 0x0000000456800000)
  object space 21504K, 38% used [0x000000044c200000,0x000000044ca2d528,0x000000044d700000)
Event: 20,649 GC heap after
Heap after GC invocations=36 (full 10):
 PSYoungGen      total 2969600K, used 1047459K [0x00000006c7800000, 0x00000007e5c00000, 0x0000000800000000)
  eden space 1263104K, 0% used [0x00000006c7800000,0x00000006c7800000,0x0000000714980000)
  from space 1706496K, 61% used [0x000000077cc00000,0x00000007bcae8db0,0x00000007e4e80000)
  to   space 1706496K, 0% used [0x0000000714980000,0x0000000714980000,0x000000077cc00000)
 ParOldGen       total 6206464K, used 6184358K [0x0000000456800000, 0x00000005d1500000, 0x00000006c7800000)
  object space 6206464K, 99% used [0x0000000456800000,0x00000005cff69920,0x00000005d1500000)
 PSPermGen       total 21504K, used 8373K [0x000000044c200000, 0x000000044d700000, 0x0000000456800000)
  object space 21504K, 38% used [0x000000044c200000,0x000000044ca2d528,0x000000044d700000)
}
Event: 20,649 GC heap before
{Heap before GC invocations=37 (full 11):
 PSYoungGen      total 2969600K, used 1047459K [0x00000006c7800000, 0x00000007e5c00000, 0x0000000800000000)
  eden space 1263104K, 0% used [0x00000006c7800000,0x00000006c7800000,0x0000000714980000)
  from space 1706496K, 61% used [0x000000077cc00000,0x00000007bcae8db0,0x00000007e4e80000)
  to   space 1706496K, 0% used [0x0000000714980000,0x0000000714980000,0x000000077cc00000)
 ParOldGen       total 6206464K, used 6184358K [0x0000000456800000, 0x00000005d1500000, 0x00000006c7800000)
  object space 6206464K, 99% used [0x0000000456800000,0x00000005cff69920,0x00000005d1500000)
 PSPermGen       total 21504K, used 8373K [0x000000044c200000, 0x000000044d700000, 0x0000000456800000)
  object space 21504K, 38% used [0x000000044c200000,0x000000044ca2d528,0x000000044d700000)
Event: 21,760 GC heap after
Heap after GC invocations=37 (full 11):
 PSYoungGen      total 2969600K, used 789739K [0x00000006c7800000, 0x00000007e5c00000, 0x0000000800000000)
  eden space 1263104K, 0% used [0x00000006c7800000,0x00000006c7800000,0x0000000714980000)
  from space 1706496K, 46% used [0x000000077cc00000,0x00000007acf3ad30,0x00000007e4e80000)
  to   space 1706496K, 0% used [0x0000000714980000,0x0000000714980000,0x000000077cc00000)
 ParOldGen       total 7468032K, used 6206173K [0x0000000456800000, 0x000000061e500000, 0x00000006c7800000)
  object space 7468032K, 83% used [0x0000000456800000,0x00000005d14b7458,0x000000061e500000)
 PSPermGen       total 21504K, used 8373K [0x000000044c200000, 0x000000044d700000, 0x0000000456800000)
  object space 21504K, 38% used [0x000000044c200000,0x000000044ca2d508,0x000000044d700000)
}
Event: 22,136 GC heap before
{Heap before GC invocations=38 (full 11):
 PSYoungGen      total 2969600K, used 2052843K [0x00000006c7800000, 0x00000007e5c00000, 0x0000000800000000)
  eden space 1263104K, 100% used [0x00000006c7800000,0x0000000714980000,0x0000000714980000)
  from space 1706496K, 46% used [0x000000077cc00000,0x00000007acf3ad30,0x00000007e4e80000)
  to   space 1706496K, 0% used [0x0000000714980000,0x0000000714980000,0x000000077cc00000)
 ParOldGen       total 7468032K, used 6206173K [0x0000000456800000, 0x000000061e500000, 0x00000006c7800000)
  object space 7468032K, 83% used [0x0000000456800000,0x00000005d14b7458,0x000000061e500000)
 PSPermGen       total 21504K, used 8374K [0x000000044c200000, 0x000000044d700000, 0x0000000456800000)
  object space 21504K, 38% used [0x000000044c200000,0x000000044ca2d9c0,0x000000044d700000)
Event: 23,044 GC heap after
Heap after GC invocations=38 (full 11):
 PSYoungGen      total 2969600K, used 631112K [0x00000006c7800000, 0x00000007f1200000, 0x0000000800000000)
  eden space 1263104K, 0% used [0x00000006c7800000,0x00000006c7800000,0x0000000714980000)
  from space 1706496K, 36% used [0x0000000714980000,0x000000073b1d22b8,0x000000077cc00000)
  to   space 1706496K, 0% used [0x0000000788f80000,0x0000000788f80000,0x00000007f1200000)
 ParOldGen       total 7468032K, used 7042230K [0x0000000456800000, 0x000000061e500000, 0x00000006c7800000)
  object space 7468032K, 94% used [0x0000000456800000,0x000000060452dba8,0x000000061e500000)
 PSPermGen       total 21504K, used 8374K [0x000000044c200000, 0x000000044d700000, 0x0000000456800000)
  object space 21504K, 38% used [0x000000044c200000,0x000000044ca2d9c0,0x000000044d700000)
}
Event: 23,044 GC heap before
{Heap before GC invocations=39 (full 12):
 PSYoungGen      total 2969600K, used 631112K [0x00000006c7800000, 0x00000007f1200000, 0x0000000800000000)
  eden space 1263104K, 0% used [0x00000006c7800000,0x00000006c7800000,0x0000000714980000)
  from space 1706496K, 36% used [0x0000000714980000,0x000000073b1d22b8,0x000000077cc00000)
  to   space 1706496K, 0% used [0x0000000788f80000,0x0000000788f80000,0x00000007f1200000)
 ParOldGen       total 7468032K, used 7042230K [0x0000000456800000, 0x000000061e500000, 0x00000006c7800000)
  object space 7468032K, 94% used [0x0000000456800000,0x000000060452dba8,0x000000061e500000)
 PSPermGen       total 21504K, used 8374K [0x000000044c200000, 0x000000044d700000, 0x0000000456800000)
  object space 21504K, 38% used [0x000000044c200000,0x000000044ca2d9c0,0x000000044d700000)

