# JRE version: Java(TM) SE Runtime Environment (8.0_111-b14) (build 1.8.0_111-b14)
# Java VM: Java HotSpot(TM) 64-Bit Server VM (25.111-b14 mixed mode linux-amd64 compressed oops)
Heap:
 PSYoungGen      total 2209792K, used 7528K [0x0000000716b00000, 0x000000079f380000, 0x00000007c0000000)
  eden space 2182656K, 0% used [0x0000000716b00000,0x0000000716b00000,0x000000079be80000)
  from space 27136K, 27% used [0x000000079be80000,0x000000079c5da108,0x000000079d900000)
  to   space 26112K, 0% used [0x000000079da00000,0x000000079da00000,0x000000079f380000)
 ParOldGen       total 84992K, used 57076K [0x00000005c4000000, 0x00000005c9300000, 0x0000000716b00000)
  object space 84992K, 67% used [0x00000005c4000000,0x00000005c77bd390,0x00000005c9300000)
 Metaspace       used 18614K, capacity 18880K, committed 19072K, reserved 1067008K
  class space    used 1818K, capacity 1899K, committed 1920K, reserved 1048576K
GC Heap History (10 events):
Event: 5,453 GC heap after
Heap after GC invocations=14 (full 0):
 PSYoungGen      total 1004544K, used 10360K [0x0000000716b00000, 0x0000000755e80000, 0x00000007c0000000)
  eden space 974336K, 0% used [0x0000000716b00000,0x0000000716b00000,0x0000000752280000)
  from space 30208K, 34% used [0x0000000754100000,0x0000000754b1e0d0,0x0000000755e80000)
  to   space 30720K, 0% used [0x0000000752280000,0x0000000752280000,0x0000000754080000)
 ParOldGen       total 84992K, used 56868K [0x00000005c4000000, 0x00000005c9300000, 0x0000000716b00000)
  object space 84992K, 66% used [0x00000005c4000000,0x00000005c7789390,0x00000005c9300000)
 Metaspace       used 18338K, capacity 18676K, committed 18816K, reserved 1067008K
  class space    used 1816K, capacity 1897K, committed 1920K, reserved 1048576K
}
Event: 6,546 GC heap before
{Heap before GC invocations=15 (full 0):
 PSYoungGen      total 1004544K, used 984696K [0x0000000716b00000, 0x0000000755e80000, 0x00000007c0000000)
  eden space 974336K, 100% used [0x0000000716b00000,0x0000000752280000,0x0000000752280000)
  from space 30208K, 34% used [0x0000000754100000,0x0000000754b1e0d0,0x0000000755e80000)
  to   space 30720K, 0% used [0x0000000752280000,0x0000000752280000,0x0000000754080000)
 ParOldGen       total 84992K, used 56868K [0x00000005c4000000, 0x00000005c9300000, 0x0000000716b00000)
  object space 84992K, 66% used [0x00000005c4000000,0x00000005c7789390,0x00000005c9300000)
 Metaspace       used 18437K, capacity 18740K, committed 18816K, reserved 1067008K
  class space    used 1816K, capacity 1897K, committed 1920K, reserved 1048576K
Event: 6,554 GC heap after
Heap after GC invocations=15 (full 0):
 PSYoungGen      total 1005056K, used 10838K [0x0000000716b00000, 0x0000000779780000, 0x00000007c0000000)
  eden space 974336K, 0% used [0x0000000716b00000,0x0000000716b00000,0x0000000752280000)
  from space 30720K, 35% used [0x0000000752280000,0x0000000752d15ab0,0x0000000754080000)
  to   space 29696K, 0% used [0x0000000777a80000,0x0000000777a80000,0x0000000779780000)
 ParOldGen       total 84992K, used 56932K [0x00000005c4000000, 0x00000005c9300000, 0x0000000716b00000)
  object space 84992K, 66% used [0x00000005c4000000,0x00000005c7799390,0x00000005c9300000)
 Metaspace       used 18437K, capacity 18740K, committed 18816K, reserved 1067008K
  class space    used 1816K, capacity 1897K, committed 1920K, reserved 1048576K
}
Event: 7,541 GC heap before
{Heap before GC invocations=16 (full 0):
 PSYoungGen      total 1005056K, used 985174K [0x0000000716b00000, 0x0000000779780000, 0x00000007c0000000)
  eden space 974336K, 100% used [0x0000000716b00000,0x0000000752280000,0x0000000752280000)
  from space 30720K, 35% used [0x0000000752280000,0x0000000752d15ab0,0x0000000754080000)
  to   space 29696K, 0% used [0x0000000777a80000,0x0000000777a80000,0x0000000779780000)
 ParOldGen       total 84992K, used 56932K [0x00000005c4000000, 0x00000005c9300000, 0x0000000716b00000)
  object space 84992K, 66% used [0x00000005c4000000,0x00000005c7799390,0x00000005c9300000)
 Metaspace       used 18478K, capacity 18804K, committed 19072K, reserved 1067008K
  class space    used 1816K, capacity 1897K, committed 1920K, reserved 1048576K
Event: 7,546 GC heap after
Heap after GC invocations=16 (full 0):
 PSYoungGen      total 1588736K, used 5219K [0x0000000716b00000, 0x0000000779780000, 0x00000007c0000000)
  eden space 1559040K, 0% used [0x0000000716b00000,0x0000000716b00000,0x0000000775d80000)
  from space 29696K, 17% used [0x0000000777a80000,0x0000000777f98cf8,0x0000000779780000)
  to   space 29696K, 0% used [0x0000000775d80000,0x0000000775d80000,0x0000000777a80000)
 ParOldGen       total 84992K, used 56980K [0x00000005c4000000, 0x00000005c9300000, 0x0000000716b00000)
  object space 84992K, 67% used [0x00000005c4000000,0x00000005c77a5390,0x00000005c9300000)
 Metaspace       used 18478K, capacity 18804K, committed 19072K, reserved 1067008K
  class space    used 1816K, capacity 1897K, committed 1920K, reserved 1048576K
}
Event: 9,404 GC heap before
{Heap before GC invocations=17 (full 0):
 PSYoungGen      total 1588736K, used 1564259K [0x0000000716b00000, 0x0000000779780000, 0x00000007c0000000)
  eden space 1559040K, 100% used [0x0000000716b00000,0x0000000775d80000,0x0000000775d80000)
  from space 29696K, 17% used [0x0000000777a80000,0x0000000777f98cf8,0x0000000779780000)
  to   space 29696K, 0% used [0x0000000775d80000,0x0000000775d80000,0x0000000777a80000)
 ParOldGen       total 84992K, used 56980K [0x00000005c4000000, 0x00000005c9300000, 0x0000000716b00000)
  object space 84992K, 67% used [0x00000005c4000000,0x00000005c77a5390,0x00000005c9300000)
 Metaspace       used 18537K, capacity 18804K, committed 19072K, reserved 1067008K
  class space    used 1816K, capacity 1897K, committed 1920K, reserved 1048576K
Event: 9,413 GC heap after
Heap after GC invocations=17 (full 0):
 PSYoungGen      total 1588736K, used 11504K [0x0000000716b00000, 0x000000079f580000, 0x00000007c0000000)
  eden space 1559040K, 0% used [0x0000000716b00000,0x0000000716b00000,0x0000000775d80000)
  from space 29696K, 38% used [0x0000000775d80000,0x00000007768bc0b8,0x0000000777a80000)
  to   space 28160K, 0% used [0x000000079da00000,0x000000079da00000,0x000000079f580000)
 ParOldGen       total 84992K, used 57012K [0x00000005c4000000, 0x00000005c9300000, 0x0000000716b00000)
  object space 84992K, 67% used [0x00000005c4000000,0x00000005c77ad390,0x00000005c9300000)
 Metaspace       used 18537K, capacity 18804K, committed 19072K, reserved 1067008K
  class space    used 1816K, capacity 1897K, committed 1920K, reserved 1048576K
}
Event: 10,764 GC heap before
{Heap before GC invocations=18 (full 0):
 PSYoungGen      total 1588736K, used 1570544K [0x0000000716b00000, 0x000000079f580000, 0x00000007c0000000)
  eden space 1559040K, 100% used [0x0000000716b00000,0x0000000775d80000,0x0000000775d80000)
  from space 29696K, 38% used [0x0000000775d80000,0x00000007768bc0b8,0x0000000777a80000)
  to   space 28160K, 0% used [0x000000079da00000,0x000000079da00000,0x000000079f580000)
 ParOldGen       total 84992K, used 57012K [0x00000005c4000000, 0x00000005c9300000, 0x0000000716b00000)
  object space 84992K, 67% used [0x00000005c4000000,0x00000005c77ad390,0x00000005c9300000)
 Metaspace       used 18573K, capacity 18868K, committed 19072K, reserved 1067008K
  class space    used 1816K, capacity 1897K, committed 1920K, reserved 1048576K
Event: 10,772 GC heap after
Heap after GC invocations=18 (full 0):
 PSYoungGen      total 2208768K, used 9611K [0x0000000716b00000, 0x000000079f380000, 0x00000007c0000000)
  eden space 2182656K, 0% used [0x0000000716b00000,0x0000000716b00000,0x000000079be80000)
  from space 26112K, 36% used [0x000000079da00000,0x000000079e362fc0,0x000000079f380000)
  to   space 27136K, 0% used [0x000000079be80000,0x000000079be80000,0x000000079d900000)
 ParOldGen       total 84992K, used 57060K [0x00000005c4000000, 0x00000005c9300000, 0x0000000716b00000)
  object space 84992K, 67% used [0x00000005c4000000,0x00000005c77b9390,0x00000005c9300000)
 Metaspace       used 18573K, capacity 18868K, committed 19072K, reserved 1067008K
  class space    used 1816K, capacity 1897K, committed 1920K, reserved 1048576K
}
Event: 13,171 GC heap before
{Heap before GC invocations=19 (full 0):
 PSYoungGen      total 2208768K, used 2192267K [0x0000000716b00000, 0x000000079f380000, 0x00000007c0000000)
  eden space 2182656K, 100% used [0x0000000716b00000,0x000000079be80000,0x000000079be80000)
  from space 26112K, 36% used [0x000000079da00000,0x000000079e362fc0,0x000000079f380000)
  to   space 27136K, 0% used [0x000000079be80000,0x000000079be80000,0x000000079d900000)
 ParOldGen       total 84992K, used 57060K [0x00000005c4000000, 0x00000005c9300000, 0x0000000716b00000)
  object space 84992K, 67% used [0x00000005c4000000,0x00000005c77b9390,0x00000005c9300000)
 Metaspace       used 18614K, capacity 18880K, committed 19072K, reserved 1067008K
  class space    used 1818K, capacity 1899K, committed 1920K, reserved 1048576K

