# JRE version: OpenJDK Runtime Environment (7.0_121) (build 1.7.0_121-b00)
# Java VM: OpenJDK 64-Bit Server VM (24.121-b00 mixed mode linux-amd64 compressed oops)
Heap
 PSYoungGen      total 3123712K, used 324189K [0x00000006c7800000, 0x00000007e5380000, 0x0000000800000000)
  eden space 1909760K, 0% used [0x00000006c7800000,0x00000006c7800000,0x000000073c100000)
  from space 1213952K, 26% used [0x000000073c100000,0x000000074fd974f0,0x0000000786280000)
  to   space 1224704K, 0% used [0x000000079a780000,0x000000079a780000,0x00000007e5380000)
 ParOldGen       total 8598528K, used 8598514K [0x0000000456800000, 0x0000000663500000, 0x00000006c7800000)
  object space 8598528K, 99% used [0x0000000456800000,0x00000006634fc960,0x0000000663500000)
 PSPermGen       total 21504K, used 8377K [0x000000044c200000, 0x000000044d700000, 0x0000000456800000)
  object space 21504K, 38% used [0x000000044c200000,0x000000044ca2e7a0,0x000000044d700000)
GC Heap History (10 events):
Event: 21,670 GC heap after
Heap after GC invocations=39 (full 11):
 PSYoungGen      total 2774528K, used 1130484K [0x00000006c7800000, 0x00000007d9080000, 0x0000000800000000)
  eden space 1644032K, 0% used [0x00000006c7800000,0x00000006c7800000,0x000000072bd80000)
  from space 1130496K, 99% used [0x000000077c580000,0x00000007c157d390,0x00000007c1580000)
  to   space 1318912K, 0% used [0x000000072bd80000,0x000000072bd80000,0x000000077c580000)
 ParOldGen       total 6828032K, used 6147138K [0x0000000456800000, 0x00000005f7400000, 0x00000006c7800000)
  object space 6828032K, 90% used [0x0000000456800000,0x00000005cdb10a00,0x00000005f7400000)
 PSPermGen       total 21504K, used 8374K [0x000000044c200000, 0x000000044d700000, 0x0000000456800000)
  object space 21504K, 38% used [0x000000044c200000,0x000000044ca2db50,0x000000044d700000)
}
Event: 22,138 GC heap before
{Heap before GC invocations=40 (full 11):
 PSYoungGen      total 2774528K, used 2774516K [0x00000006c7800000, 0x00000007d9080000, 0x0000000800000000)
  eden space 1644032K, 100% used [0x00000006c7800000,0x000000072bd80000,0x000000072bd80000)
  from space 1130496K, 99% used [0x000000077c580000,0x00000007c157d390,0x00000007c1580000)
  to   space 1318912K, 0% used [0x000000072bd80000,0x000000072bd80000,0x000000077c580000)
 ParOldGen       total 6828032K, used 6147138K [0x0000000456800000, 0x00000005f7400000, 0x00000006c7800000)
  object space 6828032K, 90% used [0x0000000456800000,0x00000005cdb10a00,0x00000005f7400000)
 PSPermGen       total 21504K, used 8374K [0x000000044c200000, 0x000000044d700000, 0x0000000456800000)
  object space 21504K, 38% used [0x000000044c200000,0x000000044ca2db50,0x000000044d700000)
Event: 22,606 GC heap after
Heap after GC invocations=40 (full 11):
 PSYoungGen      total 2962944K, used 571440K [0x00000006c7800000, 0x00000007d3d80000, 0x0000000800000000)
  eden space 1644032K, 0% used [0x00000006c7800000,0x00000006c7800000,0x000000072bd80000)
  from space 1318912K, 43% used [0x000000072bd80000,0x000000074eb8c240,0x000000077c580000)
  to   space 1245184K, 0% used [0x0000000787d80000,0x0000000787d80000,0x00000007d3d80000)
 ParOldGen       total 7175168K, used 7174463K [0x0000000456800000, 0x000000060c700000, 0x00000006c7800000)
  object space 7175168K, 99% used [0x0000000456800000,0x000000060c64fcb8,0x000000060c700000)
 PSPermGen       total 21504K, used 8374K [0x000000044c200000, 0x000000044d700000, 0x0000000456800000)
  object space 21504K, 38% used [0x000000044c200000,0x000000044ca2db50,0x000000044d700000)
}
Event: 22,606 GC heap before
{Heap before GC invocations=41 (full 12):
 PSYoungGen      total 2962944K, used 571440K [0x00000006c7800000, 0x00000007d3d80000, 0x0000000800000000)
  eden space 1644032K, 0% used [0x00000006c7800000,0x00000006c7800000,0x000000072bd80000)
  from space 1318912K, 43% used [0x000000072bd80000,0x000000074eb8c240,0x000000077c580000)
  to   space 1245184K, 0% used [0x0000000787d80000,0x0000000787d80000,0x00000007d3d80000)
 ParOldGen       total 7175168K, used 7174463K [0x0000000456800000, 0x000000060c700000, 0x00000006c7800000)
  object space 7175168K, 99% used [0x0000000456800000,0x000000060c64fcb8,0x000000060c700000)
 PSPermGen       total 21504K, used 8374K [0x000000044c200000, 0x000000044d700000, 0x0000000456800000)
  object space 21504K, 38% used [0x000000044c200000,0x000000044ca2db50,0x000000044d700000)
Event: 23,511 GC heap after
Heap after GC invocations=41 (full 12):
 PSYoungGen      total 2962944K, used 539887K [0x00000006c7800000, 0x00000007d3d80000, 0x0000000800000000)
  eden space 1644032K, 0% used [0x00000006c7800000,0x00000006c7800000,0x000000072bd80000)
  from space 1318912K, 40% used [0x000000072bd80000,0x000000074ccbbf00,0x000000077c580000)
  to   space 1245184K, 0% used [0x0000000787d80000,0x0000000787d80000,0x00000007d3d80000)
 ParOldGen       total 8598528K, used 7174811K [0x0000000456800000, 0x0000000663500000, 0x00000006c7800000)
  object space 8598528K, 83% used [0x0000000456800000,0x000000060c6a6c00,0x0000000663500000)
 PSPermGen       total 21504K, used 8374K [0x000000044c200000, 0x000000044d700000, 0x0000000456800000)
  object space 21504K, 38% used [0x000000044c200000,0x000000044ca2db50,0x000000044d700000)
}
Event: 24,002 GC heap before
{Heap before GC invocations=42 (full 12):
 PSYoungGen      total 2962944K, used 2183919K [0x00000006c7800000, 0x00000007d3d80000, 0x0000000800000000)
  eden space 1644032K, 100% used [0x00000006c7800000,0x000000072bd80000,0x000000072bd80000)
  from space 1318912K, 40% used [0x000000072bd80000,0x000000074ccbbf00,0x000000077c580000)
  to   space 1245184K, 0% used [0x0000000787d80000,0x0000000787d80000,0x00000007d3d80000)
 ParOldGen       total 8598528K, used 7174811K [0x0000000456800000, 0x0000000663500000, 0x00000006c7800000)
  object space 8598528K, 83% used [0x0000000456800000,0x000000060c6a6c00,0x0000000663500000)
 PSPermGen       total 21504K, used 8377K [0x000000044c200000, 0x000000044d700000, 0x0000000456800000)
  object space 21504K, 38% used [0x000000044c200000,0x000000044ca2e7a0,0x000000044d700000)
Event: 24,713 GC heap after
Heap after GC invocations=42 (full 12):
 PSYoungGen      total 3096064K, used 668243K [0x00000006c7800000, 0x00000007d0400000, 0x0000000800000000)
  eden space 1909760K, 0% used [0x00000006c7800000,0x00000006c7800000,0x000000073c100000)
  from space 1186304K, 56% used [0x0000000787d80000,0x00000007b0a14c58,0x00000007d0400000)
  to   space 1213952K, 0% used [0x000000073c100000,0x000000073c100000,0x0000000786280000)
 ParOldGen       total 8598528K, used 7714950K [0x0000000456800000, 0x0000000663500000, 0x00000006c7800000)
  object space 8598528K, 89% used [0x0000000456800000,0x000000062d621b80,0x0000000663500000)
 PSPermGen       total 21504K, used 8377K [0x000000044c200000, 0x000000044d700000, 0x0000000456800000)
  object space 21504K, 38% used [0x000000044c200000,0x000000044ca2e7a0,0x000000044d700000)
}
Event: 25,271 GC heap before
{Heap before GC invocations=43 (full 12):
 PSYoungGen      total 3096064K, used 2578003K [0x00000006c7800000, 0x00000007d0400000, 0x0000000800000000)
  eden space 1909760K, 100% used [0x00000006c7800000,0x000000073c100000,0x000000073c100000)
  from space 1186304K, 56% used [0x0000000787d80000,0x00000007b0a14c58,0x00000007d0400000)
  to   space 1213952K, 0% used [0x000000073c100000,0x000000073c100000,0x0000000786280000)
 ParOldGen       total 8598528K, used 7714950K [0x0000000456800000, 0x0000000663500000, 0x00000006c7800000)
  object space 8598528K, 89% used [0x0000000456800000,0x000000062d621b80,0x0000000663500000)
 PSPermGen       total 21504K, used 8377K [0x000000044c200000, 0x000000044d700000, 0x0000000456800000)
  object space 21504K, 38% used [0x000000044c200000,0x000000044ca2e7a0,0x000000044d700000)
Event: 25,837 GC heap after
Heap after GC invocations=43 (full 12):
 PSYoungGen      total 3123712K, used 779081K [0x00000006c7800000, 0x00000007e5380000, 0x0000000800000000)
  eden space 1909760K, 0% used [0x00000006c7800000,0x00000006c7800000,0x000000073c100000)
  from space 1213952K, 64% used [0x000000073c100000,0x000000076b9d2580,0x0000000786280000)
  to   space 1224704K, 0% used [0x000000079a780000,0x000000079a780000,0x00000007e5380000)
 ParOldGen       total 8598528K, used 8264007K [0x0000000456800000, 0x0000000663500000, 0x00000006c7800000)
  object space 8598528K, 96% used [0x0000000456800000,0x000000064ee51fd8,0x0000000663500000)
 PSPermGen       total 21504K, used 8377K [0x000000044c200000, 0x000000044d700000, 0x0000000456800000)
  object space 21504K, 38% used [0x000000044c200000,0x000000044ca2e7a0,0x000000044d700000)
}
Event: 25,837 GC heap before
{Heap before GC invocations=44 (full 13):
 PSYoungGen      total 3123712K, used 779081K [0x00000006c7800000, 0x00000007e5380000, 0x0000000800000000)
  eden space 1909760K, 0% used [0x00000006c7800000,0x00000006c7800000,0x000000073c100000)
  from space 1213952K, 64% used [0x000000073c100000,0x000000076b9d2580,0x0000000786280000)
  to   space 1224704K, 0% used [0x000000079a780000,0x000000079a780000,0x00000007e5380000)
 ParOldGen       total 8598528K, used 8264007K [0x0000000456800000, 0x0000000663500000, 0x00000006c7800000)
  object space 8598528K, 96% used [0x0000000456800000,0x000000064ee51fd8,0x0000000663500000)
 PSPermGen       total 21504K, used 8377K [0x000000044c200000, 0x000000044d700000, 0x0000000456800000)
  object space 21504K, 38% used [0x000000044c200000,0x000000044ca2e7a0,0x000000044d700000)

