# JRE version: Java(TM) SE Runtime Environment (8.0_91-b14) (build 1.8.0_91-b14)
# Java VM: Java HotSpot(TM) 64-Bit Server VM (25.91-b14 mixed mode linux-amd64 compressed oops)
Heap:
 PSYoungGen      total 1235968K, used 93562K [0x0000000716b00000, 0x000000078bb00000, 0x00000007c0000000)
  eden space 748032K, 0% used [0x0000000716b00000,0x0000000716b00000,0x0000000744580000)
  from space 487936K, 19% used [0x0000000744580000,0x000000074a0de8e0,0x0000000762200000)
  to   space 515072K, 0% used [0x000000076c400000,0x000000076c400000,0x000000078bb00000)
 ParOldGen       total 1828352K, used 1828345K [0x00000005c4000000, 0x0000000633980000, 0x0000000716b00000)
  object space 1828352K, 99% used [0x00000005c4000000,0x000000063397e508,0x0000000633980000)
 Metaspace       used 7610K, capacity 7774K, committed 7808K, reserved 1056768K
  class space    used 793K, capacity 887K, committed 896K, reserved 1048576K
GC Heap History (10 events):
Event: 8,344 GC heap after
Heap after GC invocations=22 (full 6):
 PSYoungGen      total 1007104K, used 136096K [0x0000000716b00000, 0x000000076d600000, 0x00000007c0000000)
  eden space 665088K, 0% used [0x0000000716b00000,0x0000000716b00000,0x000000073f480000)
  from space 342016K, 39% used [0x0000000755900000,0x000000075dde8348,0x000000076a700000)
  to   space 365056K, 0% used [0x000000073f480000,0x000000073f480000,0x0000000755900000)
 ParOldGen       total 1288704K, used 966387K [0x00000005c4000000, 0x0000000612a80000, 0x0000000716b00000)
  object space 1288704K, 74% used [0x00000005c4000000,0x00000005fefbcd38,0x0000000612a80000)
 Metaspace       used 7604K, capacity 7774K, committed 7808K, reserved 1056768K
  class space    used 793K, capacity 887K, committed 896K, reserved 1048576K
}
Event: 8,682 GC heap before
{Heap before GC invocations=23 (full 6):
 PSYoungGen      total 1007104K, used 801184K [0x0000000716b00000, 0x000000076d600000, 0x00000007c0000000)
  eden space 665088K, 100% used [0x0000000716b00000,0x000000073f480000,0x000000073f480000)
  from space 342016K, 39% used [0x0000000755900000,0x000000075dde8348,0x000000076a700000)
  to   space 365056K, 0% used [0x000000073f480000,0x000000073f480000,0x0000000755900000)
 ParOldGen       total 1288704K, used 966387K [0x00000005c4000000, 0x0000000612a80000, 0x0000000716b00000)
  object space 1288704K, 74% used [0x00000005c4000000,0x00000005fefbcd38,0x0000000612a80000)
 Metaspace       used 7606K, capacity 7774K, committed 7808K, reserved 1056768K
  class space    used 793K, capacity 887K, committed 896K, reserved 1048576K
Event: 8,911 GC heap after
Heap after GC invocations=23 (full 6):
 PSYoungGen      total 1030144K, used 365039K [0x0000000716b00000, 0x000000077dd80000, 0x00000007c0000000)
  eden space 665088K, 0% used [0x0000000716b00000,0x0000000716b00000,0x000000073f480000)
  from space 365056K, 99% used [0x000000073f480000,0x00000007558fbee0,0x0000000755900000)
  to   space 454144K, 0% used [0x0000000762200000,0x0000000762200000,0x000000077dd80000)
 ParOldGen       total 1288704K, used 1034203K [0x00000005c4000000, 0x0000000612a80000, 0x0000000716b00000)
  object space 1288704K, 80% used [0x00000005c4000000,0x00000006031f6d38,0x0000000612a80000)
 Metaspace       used 7606K, capacity 7774K, committed 7808K, reserved 1056768K
  class space    used 793K, capacity 887K, committed 896K, reserved 1048576K
}
Event: 9,225 GC heap before
{Heap before GC invocations=24 (full 6):
 PSYoungGen      total 1030144K, used 1030127K [0x0000000716b00000, 0x000000077dd80000, 0x00000007c0000000)
  eden space 665088K, 100% used [0x0000000716b00000,0x000000073f480000,0x000000073f480000)
  from space 365056K, 99% used [0x000000073f480000,0x00000007558fbee0,0x0000000755900000)
  to   space 454144K, 0% used [0x0000000762200000,0x0000000762200000,0x000000077dd80000)
 ParOldGen       total 1288704K, used 1034203K [0x00000005c4000000, 0x0000000612a80000, 0x0000000716b00000)
  object space 1288704K, 80% used [0x00000005c4000000,0x00000006031f6d38,0x0000000612a80000)
 Metaspace       used 7610K, capacity 7774K, committed 7808K, reserved 1056768K
  class space    used 793K, capacity 887K, committed 896K, reserved 1048576K
Event: 9,536 GC heap after
Heap after GC invocations=24 (full 6):
 PSYoungGen      total 1202176K, used 329115K [0x0000000716b00000, 0x0000000782c00000, 0x00000007c0000000)
  eden space 748032K, 0% used [0x0000000716b00000,0x0000000716b00000,0x0000000744580000)
  from space 454144K, 72% used [0x0000000762200000,0x0000000776366fb8,0x000000077dd80000)
  to   space 487936K, 0% used [0x0000000744580000,0x0000000744580000,0x0000000762200000)
 ParOldGen       total 1389568K, used 1389062K [0x00000005c4000000, 0x0000000618d00000, 0x0000000716b00000)
  object space 1389568K, 99% used [0x00000005c4000000,0x0000000618c81990,0x0000000618d00000)
 Metaspace       used 7610K, capacity 7774K, committed 7808K, reserved 1056768K
  class space    used 793K, capacity 887K, committed 896K, reserved 1048576K
}
Event: 9,536 GC heap before
{Heap before GC invocations=25 (full 7):
 PSYoungGen      total 1202176K, used 329115K [0x0000000716b00000, 0x0000000782c00000, 0x00000007c0000000)
  eden space 748032K, 0% used [0x0000000716b00000,0x0000000716b00000,0x0000000744580000)
  from space 454144K, 72% used [0x0000000762200000,0x0000000776366fb8,0x000000077dd80000)
  to   space 487936K, 0% used [0x0000000744580000,0x0000000744580000,0x0000000762200000)
 ParOldGen       total 1389568K, used 1389062K [0x00000005c4000000, 0x0000000618d00000, 0x0000000716b00000)
  object space 1389568K, 99% used [0x00000005c4000000,0x0000000618c81990,0x0000000618d00000)
 Metaspace       used 7610K, capacity 7774K, committed 7808K, reserved 1056768K
  class space    used 793K, capacity 887K, committed 896K, reserved 1048576K
Event: 10,064 GC heap after
Heap after GC invocations=25 (full 7):
 PSYoungGen      total 1202176K, used 253910K [0x0000000716b00000, 0x0000000782c00000, 0x00000007c0000000)
  eden space 748032K, 0% used [0x0000000716b00000,0x0000000716b00000,0x0000000744580000)
  from space 454144K, 55% used [0x0000000762200000,0x00000007719f5b30,0x000000077dd80000)
  to   space 487936K, 0% used [0x0000000744580000,0x0000000744580000,0x0000000762200000)
 ParOldGen       total 1828352K, used 1389076K [0x00000005c4000000, 0x0000000633980000, 0x0000000716b00000)
  object space 1828352K, 75% used [0x00000005c4000000,0x0000000618c852a8,0x0000000633980000)
 Metaspace       used 7610K, capacity 7774K, committed 7808K, reserved 1056768K
  class space    used 793K, capacity 887K, committed 896K, reserved 1048576K
}
Event: 10,398 GC heap before
{Heap before GC invocations=26 (full 7):
 PSYoungGen      total 1202176K, used 1001942K [0x0000000716b00000, 0x0000000782c00000, 0x00000007c0000000)
  eden space 748032K, 100% used [0x0000000716b00000,0x0000000744580000,0x0000000744580000)
  from space 454144K, 55% used [0x0000000762200000,0x00000007719f5b30,0x000000077dd80000)
  to   space 487936K, 0% used [0x0000000744580000,0x0000000744580000,0x0000000762200000)
 ParOldGen       total 1828352K, used 1389076K [0x00000005c4000000, 0x0000000633980000, 0x0000000716b00000)
  object space 1828352K, 75% used [0x00000005c4000000,0x0000000618c852a8,0x0000000633980000)
 Metaspace       used 7610K, capacity 7774K, committed 7808K, reserved 1056768K
  class space    used 793K, capacity 887K, committed 896K, reserved 1048576K
Event: 10,591 GC heap after
Heap after GC invocations=26 (full 7):
 PSYoungGen      total 1235968K, used 333666K [0x0000000716b00000, 0x000000078bb00000, 0x00000007c0000000)
  eden space 748032K, 0% used [0x0000000716b00000,0x0000000716b00000,0x0000000744580000)
  from space 487936K, 68% used [0x0000000744580000,0x0000000758b58820,0x0000000762200000)
  to   space 515072K, 0% used [0x000000076c400000,0x000000076c400000,0x000000078bb00000)
 ParOldGen       total 1828352K, used 1650531K [0x00000005c4000000, 0x0000000633980000, 0x0000000716b00000)
  object space 1828352K, 90% used [0x00000005c4000000,0x0000000628bd8c10,0x0000000633980000)
 Metaspace       used 7610K, capacity 7774K, committed 7808K, reserved 1056768K
  class space    used 793K, capacity 887K, committed 896K, reserved 1048576K
}
Event: 10,591 GC heap before
{Heap before GC invocations=27 (full 8):
 PSYoungGen      total 1235968K, used 333666K [0x0000000716b00000, 0x000000078bb00000, 0x00000007c0000000)
  eden space 748032K, 0% used [0x0000000716b00000,0x0000000716b00000,0x0000000744580000)
  from space 487936K, 68% used [0x0000000744580000,0x0000000758b58820,0x0000000762200000)
  to   space 515072K, 0% used [0x000000076c400000,0x000000076c400000,0x000000078bb00000)
 ParOldGen       total 1828352K, used 1650531K [0x00000005c4000000, 0x0000000633980000, 0x0000000716b00000)
  object space 1828352K, 90% used [0x00000005c4000000,0x0000000628bd8c10,0x0000000633980000)
 Metaspace       used 7610K, capacity 7774K, committed 7808K, reserved 1056768K
  class space    used 793K, capacity 887K, committed 896K, reserved 1048576K

