# JRE version: OpenJDK Runtime Environment (7.0_121) (build 1.7.0_121-b00)
# Java VM: OpenJDK 64-Bit Server VM (24.121-b00 mixed mode linux-amd64 compressed oops)
Heap
 PSYoungGen      total 3474944K, used 0K [0x00000006c7800000, 0x00000007f0400000, 0x0000000800000000)
  eden space 2197504K, 0% used [0x00000006c7800000,0x00000006c7800000,0x000000074da00000)
  from space 1277440K, 0% used [0x00000007a2480000,0x00000007a2480000,0x00000007f0400000)
  to   space 1332224K, 0% used [0x000000074da00000,0x000000074da00000,0x000000079ef00000)
 ParOldGen       total 7630336K, used 7569115K [0x0000000456800000, 0x0000000628380000, 0x00000006c7800000)
  object space 7630336K, 99% used [0x0000000456800000,0x00000006247b6f98,0x0000000628380000)
 PSPermGen       total 21504K, used 8374K [0x000000044c200000, 0x000000044d700000, 0x0000000456800000)
  object space 21504K, 38% used [0x000000044c200000,0x000000044ca2dbf0,0x000000044d700000)
GC Heap History (10 events):
Event: 16,516 GC heap after
Heap after GC invocations=33 (full 10):
 PSYoungGen      total 2960384K, used 653309K [0x00000006c7800000, 0x00000007d8980000, 0x0000000800000000)
  eden space 1794560K, 0% used [0x00000006c7800000,0x00000006c7800000,0x0000000735080000)
  from space 1165824K, 56% used [0x0000000735080000,0x000000075ce7f5e8,0x000000077c300000)
  to   space 1171968K, 0% used [0x0000000791100000,0x0000000791100000,0x00000007d8980000)
 ParOldGen       total 5862400K, used 5105456K [0x0000000456800000, 0x00000005bc500000, 0x00000006c7800000)
  object space 5862400K, 87% used [0x0000000456800000,0x000000058e1cc170,0x00000005bc500000)
 PSPermGen       total 21504K, used 8374K [0x000000044c200000, 0x000000044d700000, 0x0000000456800000)
  object space 21504K, 38% used [0x000000044c200000,0x000000044ca2da50,0x000000044d700000)
}
Event: 17,013 GC heap before
{Heap before GC invocations=34 (full 10):
 PSYoungGen      total 2960384K, used 2447869K [0x00000006c7800000, 0x00000007d8980000, 0x0000000800000000)
  eden space 1794560K, 100% used [0x00000006c7800000,0x0000000735080000,0x0000000735080000)
  from space 1165824K, 56% used [0x0000000735080000,0x000000075ce7f5e8,0x000000077c300000)
  to   space 1171968K, 0% used [0x0000000791100000,0x0000000791100000,0x00000007d8980000)
 ParOldGen       total 5862400K, used 5105456K [0x0000000456800000, 0x00000005bc500000, 0x00000006c7800000)
  object space 5862400K, 87% used [0x0000000456800000,0x000000058e1cc170,0x00000005bc500000)
 PSPermGen       total 21504K, used 8374K [0x000000044c200000, 0x000000044d700000, 0x0000000456800000)
  object space 21504K, 38% used [0x000000044c200000,0x000000044ca2da50,0x000000044d700000)
Event: 17,666 GC heap after
Heap after GC invocations=34 (full 10):
 PSYoungGen      total 3058176K, used 1171955K [0x00000006c7800000, 0x00000007f8e00000, 0x0000000800000000)
  eden space 1886208K, 0% used [0x00000006c7800000,0x00000006c7800000,0x000000073aa00000)
  from space 1171968K, 99% used [0x0000000791100000,0x00000007d897cc18,0x00000007d8980000)
  to   space 1416192K, 0% used [0x000000073aa00000,0x000000073aa00000,0x0000000791100000)
 ParOldGen       total 5862400K, used 5247953K [0x0000000456800000, 0x00000005bc500000, 0x00000006c7800000)
  object space 5862400K, 89% used [0x0000000456800000,0x0000000596cf4780,0x00000005bc500000)
 PSPermGen       total 21504K, used 8374K [0x000000044c200000, 0x000000044d700000, 0x0000000456800000)
  object space 21504K, 38% used [0x000000044c200000,0x000000044ca2da50,0x000000044d700000)
}
Event: 18,187 GC heap before
{Heap before GC invocations=35 (full 10):
 PSYoungGen      total 3058176K, used 3058163K [0x00000006c7800000, 0x00000007f8e00000, 0x0000000800000000)
  eden space 1886208K, 100% used [0x00000006c7800000,0x000000073aa00000,0x000000073aa00000)
  from space 1171968K, 99% used [0x0000000791100000,0x00000007d897cc18,0x00000007d8980000)
  to   space 1416192K, 0% used [0x000000073aa00000,0x000000073aa00000,0x0000000791100000)
 ParOldGen       total 5862400K, used 5247953K [0x0000000456800000, 0x00000005bc500000, 0x00000006c7800000)
  object space 5862400K, 89% used [0x0000000456800000,0x0000000596cf4780,0x00000005bc500000)
 PSPermGen       total 21504K, used 8374K [0x000000044c200000, 0x000000044d700000, 0x0000000456800000)
  object space 21504K, 38% used [0x000000044c200000,0x000000044ca2da50,0x000000044d700000)
Event: 18,928 GC heap after
Heap after GC invocations=35 (full 10):
 PSYoungGen      total 3302400K, used 683149K [0x00000006c7800000, 0x00000007f6800000, 0x0000000800000000)
  eden space 1886208K, 0% used [0x00000006c7800000,0x00000006c7800000,0x000000073aa00000)
  from space 1416192K, 48% used [0x000000073aa00000,0x00000007645235d0,0x0000000791100000)
  to   space 1379840K, 0% used [0x00000007a2480000,0x00000007a2480000,0x00000007f6800000)
 ParOldGen       total 6310912K, used 6309836K [0x0000000456800000, 0x00000005d7b00000, 0x00000006c7800000)
  object space 6310912K, 99% used [0x0000000456800000,0x00000005d79f3028,0x00000005d7b00000)
 PSPermGen       total 21504K, used 8374K [0x000000044c200000, 0x000000044d700000, 0x0000000456800000)
  object space 21504K, 38% used [0x000000044c200000,0x000000044ca2da50,0x000000044d700000)
}
Event: 18,928 GC heap before
{Heap before GC invocations=36 (full 11):
 PSYoungGen      total 3302400K, used 683149K [0x00000006c7800000, 0x00000007f6800000, 0x0000000800000000)
  eden space 1886208K, 0% used [0x00000006c7800000,0x00000006c7800000,0x000000073aa00000)
  from space 1416192K, 48% used [0x000000073aa00000,0x00000007645235d0,0x0000000791100000)
  to   space 1379840K, 0% used [0x00000007a2480000,0x00000007a2480000,0x00000007f6800000)
 ParOldGen       total 6310912K, used 6309836K [0x0000000456800000, 0x00000005d7b00000, 0x00000006c7800000)
  object space 6310912K, 99% used [0x0000000456800000,0x00000005d79f3028,0x00000005d7b00000)
 PSPermGen       total 21504K, used 8374K [0x000000044c200000, 0x000000044d700000, 0x0000000456800000)
  object space 21504K, 38% used [0x000000044c200000,0x000000044ca2da50,0x000000044d700000)
Event: 20,208 GC heap after
Heap after GC invocations=36 (full 11):
 PSYoungGen      total 3302400K, used 628400K [0x00000006c7800000, 0x00000007f6800000, 0x0000000800000000)
  eden space 1886208K, 0% used [0x00000006c7800000,0x00000006c7800000,0x000000073aa00000)
  from space 1416192K, 44% used [0x000000073aa00000,0x0000000760fac2c0,0x0000000791100000)
  to   space 1379840K, 0% used [0x00000007a2480000,0x00000007a2480000,0x00000007f6800000)
 ParOldGen       total 7630336K, used 6310696K [0x0000000456800000, 0x0000000628380000, 0x00000006c7800000)
  object space 7630336K, 82% used [0x0000000456800000,0x00000005d7aca2a8,0x0000000628380000)
 PSPermGen       total 21504K, used 8374K [0x000000044c200000, 0x000000044d700000, 0x0000000456800000)
  object space 21504K, 38% used [0x000000044c200000,0x000000044ca2da50,0x000000044d700000)
}
Event: 20,724 GC heap before
{Heap before GC invocations=37 (full 11):
 PSYoungGen      total 3302400K, used 2514608K [0x00000006c7800000, 0x00000007f6800000, 0x0000000800000000)
  eden space 1886208K, 100% used [0x00000006c7800000,0x000000073aa00000,0x000000073aa00000)
  from space 1416192K, 44% used [0x000000073aa00000,0x0000000760fac2c0,0x0000000791100000)
  to   space 1379840K, 0% used [0x00000007a2480000,0x00000007a2480000,0x00000007f6800000)
 ParOldGen       total 7630336K, used 6310696K [0x0000000456800000, 0x0000000628380000, 0x00000006c7800000)
  object space 7630336K, 82% used [0x0000000456800000,0x00000005d7aca2a8,0x0000000628380000)
 PSPermGen       total 21504K, used 8374K [0x000000044c200000, 0x000000044d700000, 0x0000000456800000)
  object space 21504K, 38% used [0x000000044c200000,0x000000044ca2dbf0,0x000000044d700000)
Event: 21,433 GC heap after
Heap after GC invocations=37 (full 11):
 PSYoungGen      total 3474944K, used 653369K [0x00000006c7800000, 0x00000007f0400000, 0x0000000800000000)
  eden space 2197504K, 0% used [0x00000006c7800000,0x00000006c7800000,0x000000074da00000)
  from space 1277440K, 51% used [0x00000007a2480000,0x00000007ca28e7a8,0x00000007f0400000)
  to   space 1332224K, 0% used [0x000000074da00000,0x000000074da00000,0x000000079ef00000)
 ParOldGen       total 7630336K, used 6939624K [0x0000000456800000, 0x0000000628380000, 0x00000006c7800000)
  object space 7630336K, 90% used [0x0000000456800000,0x00000005fe0fa028,0x0000000628380000)
 PSPermGen       total 21504K, used 8374K [0x000000044c200000, 0x000000044d700000, 0x0000000456800000)
  object space 21504K, 38% used [0x000000044c200000,0x000000044ca2dbf0,0x000000044d700000)
}
Event: 21,433 GC heap before
{Heap before GC invocations=38 (full 12):
 PSYoungGen      total 3474944K, used 653369K [0x00000006c7800000, 0x00000007f0400000, 0x0000000800000000)
  eden space 2197504K, 0% used [0x00000006c7800000,0x00000006c7800000,0x000000074da00000)
  from space 1277440K, 51% used [0x00000007a2480000,0x00000007ca28e7a8,0x00000007f0400000)
  to   space 1332224K, 0% used [0x000000074da00000,0x000000074da00000,0x000000079ef00000)
 ParOldGen       total 7630336K, used 6939624K [0x0000000456800000, 0x0000000628380000, 0x00000006c7800000)
  object space 7630336K, 90% used [0x0000000456800000,0x00000005fe0fa028,0x0000000628380000)
 PSPermGen       total 21504K, used 8374K [0x000000044c200000, 0x000000044d700000, 0x0000000456800000)
  object space 21504K, 38% used [0x000000044c200000,0x000000044ca2dbf0,0x000000044d700000)

