# JRE version: OpenJDK Runtime Environment (7.0_121) (build 1.7.0_121-b00)
# Java VM: OpenJDK 64-Bit Server VM (24.121-b00 mixed mode linux-amd64 compressed oops)
Heap
 PSYoungGen      total 3413504K, used 0K [0x00000006c7800000, 0x0000000800000000, 0x0000000800000000)
  eden space 1707008K, 0% used [0x00000006c7800000,0x00000006c7800000,0x000000072fb00000)
  from space 1706496K, 0% used [0x0000000797d80000,0x0000000797d80000,0x0000000800000000)
  to   space 1706496K, 0% used [0x000000072fb00000,0x000000072fb00000,0x0000000797d80000)
 ParOldGen       total 7972864K, used 7824783K [0x0000000456800000, 0x000000063d200000, 0x00000006c7800000)
  object space 7972864K, 98% used [0x0000000456800000,0x0000000634163fe8,0x000000063d200000)
 PSPermGen       total 21504K, used 8373K [0x000000044c200000, 0x000000044d700000, 0x0000000456800000)
  object space 21504K, 38% used [0x000000044c200000,0x000000044ca2d7c8,0x000000044d700000)
GC Heap History (10 events):
Event: 21,515 GC heap after
Heap after GC invocations=33 (full 9):
 PSYoungGen      total 3053568K, used 1265005K [0x00000006c7800000, 0x00000007fcb80000, 0x0000000800000000)
  eden space 1519104K, 0% used [0x00000006c7800000,0x00000006c7800000,0x0000000724380000)
  from space 1534464K, 82% used [0x000000078b080000,0x00000007d83db6f0,0x00000007e8b00000)
  to   space 1684480K, 0% used [0x0000000724380000,0x0000000724380000,0x000000078b080000)
 ParOldGen       total 5462528K, used 5462227K [0x0000000456800000, 0x00000005a3e80000, 0x00000006c7800000)
  object space 5462528K, 99% used [0x0000000456800000,0x00000005a3e34d38,0x00000005a3e80000)
 PSPermGen       total 21504K, used 8370K [0x000000044c200000, 0x000000044d700000, 0x0000000456800000)
  object space 21504K, 38% used [0x000000044c200000,0x000000044ca2caa8,0x000000044d700000)
}
Event: 21,515 GC heap before
{Heap before GC invocations=34 (full 10):
 PSYoungGen      total 3053568K, used 1265005K [0x00000006c7800000, 0x00000007fcb80000, 0x0000000800000000)
  eden space 1519104K, 0% used [0x00000006c7800000,0x00000006c7800000,0x0000000724380000)
  from space 1534464K, 82% used [0x000000078b080000,0x00000007d83db6f0,0x00000007e8b00000)
  to   space 1684480K, 0% used [0x0000000724380000,0x0000000724380000,0x000000078b080000)
 ParOldGen       total 5462528K, used 5462227K [0x0000000456800000, 0x00000005a3e80000, 0x00000006c7800000)
  object space 5462528K, 99% used [0x0000000456800000,0x00000005a3e34d38,0x00000005a3e80000)
 PSPermGen       total 21504K, used 8370K [0x000000044c200000, 0x000000044d700000, 0x0000000456800000)
  object space 21504K, 38% used [0x000000044c200000,0x000000044ca2caa8,0x000000044d700000)
Event: 22,988 GC heap after
Heap after GC invocations=34 (full 10):
 PSYoungGen      total 3053568K, used 1044271K [0x00000006c7800000, 0x00000007fcb80000, 0x0000000800000000)
  eden space 1519104K, 0% used [0x00000006c7800000,0x00000006c7800000,0x0000000724380000)
  from space 1534464K, 68% used [0x000000078b080000,0x00000007cac4bc30,0x00000007e8b00000)
  to   space 1684480K, 0% used [0x0000000724380000,0x0000000724380000,0x000000078b080000)
 ParOldGen       total 6656512K, used 5462316K [0x0000000456800000, 0x00000005ecc80000, 0x00000006c7800000)
  object space 6656512K, 82% used [0x0000000456800000,0x00000005a3e4b0b8,0x00000005ecc80000)
 PSPermGen       total 21504K, used 8370K [0x000000044c200000, 0x000000044d700000, 0x0000000456800000)
  object space 21504K, 38% used [0x000000044c200000,0x000000044ca2ca88,0x000000044d700000)
}
Event: 23,454 GC heap before
{Heap before GC invocations=35 (full 10):
 PSYoungGen      total 3053568K, used 2563375K [0x00000006c7800000, 0x00000007fcb80000, 0x0000000800000000)
  eden space 1519104K, 100% used [0x00000006c7800000,0x0000000724380000,0x0000000724380000)
  from space 1534464K, 68% used [0x000000078b080000,0x00000007cac4bc30,0x00000007e8b00000)
  to   space 1684480K, 0% used [0x0000000724380000,0x0000000724380000,0x000000078b080000)
 ParOldGen       total 6656512K, used 5462316K [0x0000000456800000, 0x00000005ecc80000, 0x00000006c7800000)
  object space 6656512K, 82% used [0x0000000456800000,0x00000005a3e4b0b8,0x00000005ecc80000)
 PSPermGen       total 21504K, used 8373K [0x000000044c200000, 0x000000044d700000, 0x0000000456800000)
  object space 21504K, 38% used [0x000000044c200000,0x000000044ca2d690,0x000000044d700000)
Event: 24,166 GC heap after
Heap after GC invocations=35 (full 10):
 PSYoungGen      total 3203584K, used 1308276K [0x00000006c7800000, 0x0000000800000000, 0x0000000800000000)
  eden space 1519104K, 0% used [0x00000006c7800000,0x00000006c7800000,0x0000000724380000)
  from space 1684480K, 77% used [0x0000000724380000,0x000000077411d1e8,0x000000078b080000)
  to   space 1706496K, 0% used [0x0000000797d80000,0x0000000797d80000,0x0000000800000000)
 ParOldGen       total 6656512K, used 6017487K [0x0000000456800000, 0x00000005ecc80000, 0x00000006c7800000)
  object space 6656512K, 90% used [0x0000000456800000,0x00000005c5c73cf8,0x00000005ecc80000)
 PSPermGen       total 21504K, used 8373K [0x000000044c200000, 0x000000044d700000, 0x0000000456800000)
  object space 21504K, 38% used [0x000000044c200000,0x000000044ca2d690,0x000000044d700000)
}
Event: 24,166 GC heap before
{Heap before GC invocations=36 (full 11):
 PSYoungGen      total 3203584K, used 1308276K [0x00000006c7800000, 0x0000000800000000, 0x0000000800000000)
  eden space 1519104K, 0% used [0x00000006c7800000,0x00000006c7800000,0x0000000724380000)
  from space 1684480K, 77% used [0x0000000724380000,0x000000077411d1e8,0x000000078b080000)
  to   space 1706496K, 0% used [0x0000000797d80000,0x0000000797d80000,0x0000000800000000)
 ParOldGen       total 6656512K, used 6017487K [0x0000000456800000, 0x00000005ecc80000, 0x00000006c7800000)
  object space 6656512K, 90% used [0x0000000456800000,0x00000005c5c73cf8,0x00000005ecc80000)
 PSPermGen       total 21504K, used 8373K [0x000000044c200000, 0x000000044d700000, 0x0000000456800000)
  object space 21504K, 38% used [0x000000044c200000,0x000000044ca2d690,0x000000044d700000)
Event: 25,745 GC heap after
Heap after GC invocations=36 (full 11):
 PSYoungGen      total 3203584K, used 524117K [0x00000006c7800000, 0x0000000800000000, 0x0000000800000000)
  eden space 1519104K, 0% used [0x00000006c7800000,0x00000006c7800000,0x0000000724380000)
  from space 1684480K, 31% used [0x0000000724380000,0x00000007443555a0,0x000000078b080000)
  to   space 1706496K, 0% used [0x0000000797d80000,0x0000000797d80000,0x0000000800000000)
 ParOldGen       total 7972864K, used 6656036K [0x0000000456800000, 0x000000063d200000, 0x00000006c7800000)
  object space 7972864K, 83% used [0x0000000456800000,0x00000005ecc092f0,0x000000063d200000)
 PSPermGen       total 21504K, used 8373K [0x000000044c200000, 0x000000044d700000, 0x0000000456800000)
  object space 21504K, 38% used [0x000000044c200000,0x000000044ca2d5d0,0x000000044d700000)
}
Event: 26,209 GC heap before
{Heap before GC invocations=37 (full 11):
 PSYoungGen      total 3203584K, used 2043221K [0x00000006c7800000, 0x0000000800000000, 0x0000000800000000)
  eden space 1519104K, 100% used [0x00000006c7800000,0x0000000724380000,0x0000000724380000)
  from space 1684480K, 31% used [0x0000000724380000,0x00000007443555a0,0x000000078b080000)
  to   space 1706496K, 0% used [0x0000000797d80000,0x0000000797d80000,0x0000000800000000)
 ParOldGen       total 7972864K, used 6656036K [0x0000000456800000, 0x000000063d200000, 0x00000006c7800000)
  object space 7972864K, 83% used [0x0000000456800000,0x00000005ecc092f0,0x000000063d200000)
 PSPermGen       total 21504K, used 8373K [0x000000044c200000, 0x000000044d700000, 0x0000000456800000)
  object space 21504K, 38% used [0x000000044c200000,0x000000044ca2d7c8,0x000000044d700000)
Event: 26,881 GC heap after
Heap after GC invocations=37 (full 11):
 PSYoungGen      total 3413504K, used 729136K [0x00000006c7800000, 0x0000000800000000, 0x0000000800000000)
  eden space 1707008K, 0% used [0x00000006c7800000,0x00000006c7800000,0x000000072fb00000)
  from space 1706496K, 42% used [0x0000000797d80000,0x00000007c458c1f8,0x0000000800000000)
  to   space 1706496K, 0% used [0x000000072fb00000,0x000000072fb00000,0x0000000797d80000)
 ParOldGen       total 7972864K, used 7222773K [0x0000000456800000, 0x000000063d200000, 0x00000006c7800000)
  object space 7972864K, 90% used [0x0000000456800000,0x000000060f57d628,0x000000063d200000)
 PSPermGen       total 21504K, used 8373K [0x000000044c200000, 0x000000044d700000, 0x0000000456800000)
  object space 21504K, 38% used [0x000000044c200000,0x000000044ca2d7c8,0x000000044d700000)
}
Event: 26,881 GC heap before
{Heap before GC invocations=38 (full 12):
 PSYoungGen      total 3413504K, used 729136K [0x00000006c7800000, 0x0000000800000000, 0x0000000800000000)
  eden space 1707008K, 0% used [0x00000006c7800000,0x00000006c7800000,0x000000072fb00000)
  from space 1706496K, 42% used [0x0000000797d80000,0x00000007c458c1f8,0x0000000800000000)
  to   space 1706496K, 0% used [0x000000072fb00000,0x000000072fb00000,0x0000000797d80000)
 ParOldGen       total 7972864K, used 7222773K [0x0000000456800000, 0x000000063d200000, 0x00000006c7800000)
  object space 7972864K, 90% used [0x0000000456800000,0x000000060f57d628,0x000000063d200000)
 PSPermGen       total 21504K, used 8373K [0x000000044c200000, 0x000000044d700000, 0x0000000456800000)
  object space 21504K, 38% used [0x000000044c200000,0x000000044ca2d7c8,0x000000044d700000)

