# JRE version: Java(TM) SE Runtime Environment (8.0_111-b14) (build 1.8.0_111-b14)
# Java VM: Java HotSpot(TM) 64-Bit Server VM (25.111-b14 mixed mode linux-amd64 compressed oops)
Heap:
 PSYoungGen      total 1807360K, used 479382K [0x0000000716b00000, 0x00000007a5800000, 0x00000007c0000000)
  eden space 1316352K, 0% used [0x0000000716b00000,0x0000000716b00000,0x0000000767080000)
  from space 491008K, 97% used [0x0000000767080000,0x00000007844a5b40,0x0000000785000000)
  to   space 438272K, 0% used [0x0000000785000000,0x0000000785000000,0x000000079fc00000)
 ParOldGen       total 1859584K, used 1858447K [0x00000005c4000000, 0x0000000635800000, 0x0000000716b00000)
  object space 1859584K, 99% used [0x00000005c4000000,0x00000006356e3e28,0x0000000635800000)
 Metaspace       used 9145K, capacity 9246K, committed 9472K, reserved 1058816K
  class space    used 957K, capacity 1015K, committed 1024K, reserved 1048576K
GC Heap History (10 events):
Event: 4,643 GC heap after
Heap after GC invocations=19 (full 5):
 PSYoungGen      total 1372672K, used 260976K [0x0000000716b00000, 0x0000000784c00000, 0x00000007c0000000)
  eden space 1017856K, 0% used [0x0000000716b00000,0x0000000716b00000,0x0000000754d00000)
  from space 354816K, 73% used [0x000000076c380000,0x000000077c25c230,0x0000000781e00000)
  to   space 383488K, 0% used [0x0000000754d00000,0x0000000754d00000,0x000000076c380000)
 ParOldGen       total 997376K, used 879317K [0x00000005c4000000, 0x0000000600e00000, 0x0000000716b00000)
  object space 997376K, 88% used [0x00000005c4000000,0x00000005f9ab5468,0x0000000600e00000)
 Metaspace       used 9139K, capacity 9246K, committed 9472K, reserved 1058816K
  class space    used 957K, capacity 1015K, committed 1024K, reserved 1048576K
}
Event: 4,643 GC heap before
{Heap before GC invocations=20 (full 6):
 PSYoungGen      total 1372672K, used 260976K [0x0000000716b00000, 0x0000000784c00000, 0x00000007c0000000)
  eden space 1017856K, 0% used [0x0000000716b00000,0x0000000716b00000,0x0000000754d00000)
  from space 354816K, 73% used [0x000000076c380000,0x000000077c25c230,0x0000000781e00000)
  to   space 383488K, 0% used [0x0000000754d00000,0x0000000754d00000,0x000000076c380000)
 ParOldGen       total 997376K, used 879317K [0x00000005c4000000, 0x0000000600e00000, 0x0000000716b00000)
  object space 997376K, 88% used [0x00000005c4000000,0x00000005f9ab5468,0x0000000600e00000)
 Metaspace       used 9139K, capacity 9246K, committed 9472K, reserved 1058816K
  class space    used 957K, capacity 1015K, committed 1024K, reserved 1048576K
Event: 4,825 GC heap after
Heap after GC invocations=20 (full 6):
 PSYoungGen      total 1372672K, used 111450K [0x0000000716b00000, 0x0000000784c00000, 0x00000007c0000000)
  eden space 1017856K, 0% used [0x0000000716b00000,0x0000000716b00000,0x0000000754d00000)
  from space 354816K, 31% used [0x000000076c380000,0x0000000773056b30,0x0000000781e00000)
  to   space 383488K, 0% used [0x0000000754d00000,0x0000000754d00000,0x000000076c380000)
 ParOldGen       total 1347072K, used 997297K [0x00000005c4000000, 0x0000000616380000, 0x0000000716b00000)
  object space 1347072K, 74% used [0x00000005c4000000,0x0000000600dec5b0,0x0000000616380000)
 Metaspace       used 9139K, capacity 9246K, committed 9472K, reserved 1058816K
  class space    used 957K, capacity 1015K, committed 1024K, reserved 1048576K
}
Event: 5,112 GC heap before
{Heap before GC invocations=21 (full 6):
 PSYoungGen      total 1372672K, used 1129306K [0x0000000716b00000, 0x0000000784c00000, 0x00000007c0000000)
  eden space 1017856K, 100% used [0x0000000716b00000,0x0000000754d00000,0x0000000754d00000)
  from space 354816K, 31% used [0x000000076c380000,0x0000000773056b30,0x0000000781e00000)
  to   space 383488K, 0% used [0x0000000754d00000,0x0000000754d00000,0x000000076c380000)
 ParOldGen       total 1347072K, used 997297K [0x00000005c4000000, 0x0000000616380000, 0x0000000716b00000)
  object space 1347072K, 74% used [0x00000005c4000000,0x0000000600dec5b0,0x0000000616380000)
 Metaspace       used 9140K, capacity 9246K, committed 9472K, reserved 1058816K
  class space    used 957K, capacity 1015K, committed 1024K, reserved 1048576K
Event: 5,289 GC heap after
Heap after GC invocations=21 (full 6):
 PSYoungGen      total 1401344K, used 350468K [0x0000000716b00000, 0x000000079fc00000, 0x00000007c0000000)
  eden space 1017856K, 0% used [0x0000000716b00000,0x0000000716b00000,0x0000000754d00000)
  from space 383488K, 91% used [0x0000000754d00000,0x000000076a341098,0x000000076c380000)
  to   space 438272K, 0% used [0x0000000785000000,0x0000000785000000,0x000000079fc00000)
 ParOldGen       total 1347072K, used 1116380K [0x00000005c4000000, 0x0000000616380000, 0x0000000716b00000)
  object space 1347072K, 82% used [0x00000005c4000000,0x00000006082373d8,0x0000000616380000)
 Metaspace       used 9140K, capacity 9246K, committed 9472K, reserved 1058816K
  class space    used 957K, capacity 1015K, committed 1024K, reserved 1048576K
}
Event: 5,289 GC heap before
{Heap before GC invocations=22 (full 7):
 PSYoungGen      total 1401344K, used 350468K [0x0000000716b00000, 0x000000079fc00000, 0x00000007c0000000)
  eden space 1017856K, 0% used [0x0000000716b00000,0x0000000716b00000,0x0000000754d00000)
  from space 383488K, 91% used [0x0000000754d00000,0x000000076a341098,0x000000076c380000)
  to   space 438272K, 0% used [0x0000000785000000,0x0000000785000000,0x000000079fc00000)
 ParOldGen       total 1347072K, used 1116380K [0x00000005c4000000, 0x0000000616380000, 0x0000000716b00000)
  object space 1347072K, 82% used [0x00000005c4000000,0x00000006082373d8,0x0000000616380000)
 Metaspace       used 9140K, capacity 9246K, committed 9472K, reserved 1058816K
  class space    used 957K, capacity 1015K, committed 1024K, reserved 1048576K
Event: 5,529 GC heap after
Heap after GC invocations=22 (full 7):
 PSYoungGen      total 1401344K, used 100969K [0x0000000716b00000, 0x000000079fc00000, 0x00000007c0000000)
  eden space 1017856K, 0% used [0x0000000716b00000,0x0000000716b00000,0x0000000754d00000)
  from space 383488K, 26% used [0x0000000754d00000,0x000000075af9a610,0x000000076c380000)
  to   space 438272K, 0% used [0x0000000785000000,0x0000000785000000,0x000000079fc00000)
 ParOldGen       total 1713664K, used 1346756K [0x00000005c4000000, 0x000000062c980000, 0x0000000716b00000)
  object space 1713664K, 78% used [0x00000005c4000000,0x0000000616331058,0x000000062c980000)
 Metaspace       used 9140K, capacity 9246K, committed 9472K, reserved 1058816K
  class space    used 957K, capacity 1015K, committed 1024K, reserved 1048576K
}
Event: 5,833 GC heap before
{Heap before GC invocations=23 (full 7):
 PSYoungGen      total 1401344K, used 1118825K [0x0000000716b00000, 0x000000079fc00000, 0x00000007c0000000)
  eden space 1017856K, 100% used [0x0000000716b00000,0x0000000754d00000,0x0000000754d00000)
  from space 383488K, 26% used [0x0000000754d00000,0x000000075af9a610,0x000000076c380000)
  to   space 438272K, 0% used [0x0000000785000000,0x0000000785000000,0x000000079fc00000)
 ParOldGen       total 1713664K, used 1346756K [0x00000005c4000000, 0x000000062c980000, 0x0000000716b00000)
  object space 1713664K, 78% used [0x00000005c4000000,0x0000000616331058,0x000000062c980000)
 Metaspace       used 9145K, capacity 9246K, committed 9472K, reserved 1058816K
  class space    used 957K, capacity 1015K, committed 1024K, reserved 1048576K
Event: 6,136 GC heap after
Heap after GC invocations=23 (full 7):
 PSYoungGen      total 1754624K, used 374145K [0x0000000716b00000, 0x00000007a5800000, 0x00000007c0000000)
  eden space 1316352K, 0% used [0x0000000716b00000,0x0000000716b00000,0x0000000767080000)
  from space 438272K, 85% used [0x0000000785000000,0x000000079bd605a0,0x000000079fc00000)
  to   space 491008K, 0% used [0x0000000767080000,0x0000000767080000,0x0000000785000000)
 ParOldGen       total 1713664K, used 1472065K [0x00000005c4000000, 0x000000062c980000, 0x0000000716b00000)
  object space 1713664K, 85% used [0x00000005c4000000,0x000000061dd90450,0x000000062c980000)
 Metaspace       used 9145K, capacity 9246K, committed 9472K, reserved 1058816K
  class space    used 957K, capacity 1015K, committed 1024K, reserved 1048576K
}
Event: 6,628 GC heap before
{Heap before GC invocations=24 (full 7):
 PSYoungGen      total 1754624K, used 1690398K [0x0000000716b00000, 0x00000007a5800000, 0x00000007c0000000)
  eden space 1316352K, 99% used [0x0000000716b00000,0x00000007670673e8,0x0000000767080000)
  from space 438272K, 85% used [0x0000000785000000,0x000000079bd605a0,0x000000079fc00000)
  to   space 491008K, 0% used [0x0000000767080000,0x0000000767080000,0x0000000785000000)
 ParOldGen       total 1713664K, used 1472065K [0x00000005c4000000, 0x000000062c980000, 0x0000000716b00000)
  object space 1713664K, 85% used [0x00000005c4000000,0x000000061dd90450,0x000000062c980000)
 Metaspace       used 9145K, capacity 9246K, committed 9472K, reserved 1058816K
  class space    used 957K, capacity 1015K, committed 1024K, reserved 1048576K

