# JRE version: Java(TM) SE Runtime Environment (8.0_111-b14) (build 1.8.0_111-b14)
# Java VM: Java HotSpot(TM) 64-Bit Server VM (25.111-b14 mixed mode linux-amd64 compressed oops)
Heap:
 PSYoungGen      total 1559040K, used 123585K [0x0000000716b00000, 0x00000007a9500000, 0x00000007c0000000)
  eden space 1077248K, 0% used [0x0000000716b00000,0x0000000716b00000,0x0000000758700000)
  from space 481792K, 25% used [0x0000000758700000,0x000000075ffb07b0,0x0000000775d80000)
  to   space 552960K, 0% used [0x0000000787900000,0x0000000787900000,0x00000007a9500000)
 ParOldGen       total 2412032K, used 2411931K [0x00000005c4000000, 0x0000000657380000, 0x0000000716b00000)
  object space 2412032K, 99% used [0x00000005c4000000,0x0000000657366f70,0x0000000657380000)
 Metaspace       used 8744K, capacity 8894K, committed 8960K, reserved 1056768K
  class space    used 912K, capacity 983K, committed 1024K, reserved 1048576K
GC Heap History (10 events):
Event: 5,306 GC heap after
Heap after GC invocations=21 (full 6):
 PSYoungGen      total 1236480K, used 339227K [0x0000000716b00000, 0x0000000790700000, 0x00000007c0000000)
  eden space 849408K, 0% used [0x0000000716b00000,0x0000000716b00000,0x000000074a880000)
  from space 387072K, 87% used [0x000000074a880000,0x000000075f3c6fd0,0x0000000762280000)
  to   space 435712K, 0% used [0x0000000775d80000,0x0000000775d80000,0x0000000790700000)
 ParOldGen       total 1501184K, used 1500942K [0x00000005c4000000, 0x000000061fa00000, 0x0000000716b00000)
  object space 1501184K, 99% used [0x00000005c4000000,0x000000061f9c3b28,0x000000061fa00000)
 Metaspace       used 8744K, capacity 8894K, committed 8960K, reserved 1056768K
  class space    used 912K, capacity 983K, committed 1024K, reserved 1048576K
}
Event: 5,306 GC heap before
{Heap before GC invocations=22 (full 7):
 PSYoungGen      total 1236480K, used 339227K [0x0000000716b00000, 0x0000000790700000, 0x00000007c0000000)
  eden space 849408K, 0% used [0x0000000716b00000,0x0000000716b00000,0x000000074a880000)
  from space 387072K, 87% used [0x000000074a880000,0x000000075f3c6fd0,0x0000000762280000)
  to   space 435712K, 0% used [0x0000000775d80000,0x0000000775d80000,0x0000000790700000)
 ParOldGen       total 1501184K, used 1500942K [0x00000005c4000000, 0x000000061fa00000, 0x0000000716b00000)
  object space 1501184K, 99% used [0x00000005c4000000,0x000000061f9c3b28,0x000000061fa00000)
 Metaspace       used 8744K, capacity 8894K, committed 8960K, reserved 1056768K
  class space    used 912K, capacity 983K, committed 1024K, reserved 1048576K
Event: 5,571 GC heap after
Heap after GC invocations=22 (full 7):
 PSYoungGen      total 1236480K, used 279882K [0x0000000716b00000, 0x0000000790700000, 0x00000007c0000000)
  eden space 849408K, 0% used [0x0000000716b00000,0x0000000716b00000,0x000000074a880000)
  from space 387072K, 72% used [0x000000074a880000,0x000000075b9d29d8,0x0000000762280000)
  to   space 435712K, 0% used [0x0000000775d80000,0x0000000775d80000,0x0000000790700000)
 ParOldGen       total 1907712K, used 1501085K [0x00000005c4000000, 0x0000000638700000, 0x0000000716b00000)
  object space 1907712K, 78% used [0x00000005c4000000,0x000000061f9e7628,0x0000000638700000)
 Metaspace       used 8744K, capacity 8894K, committed 8960K, reserved 1056768K
  class space    used 912K, capacity 983K, committed 1024K, reserved 1048576K
}
Event: 5,823 GC heap before
{Heap before GC invocations=23 (full 7):
 PSYoungGen      total 1236480K, used 1129290K [0x0000000716b00000, 0x0000000790700000, 0x00000007c0000000)
  eden space 849408K, 100% used [0x0000000716b00000,0x000000074a880000,0x000000074a880000)
  from space 387072K, 72% used [0x000000074a880000,0x000000075b9d29d8,0x0000000762280000)
  to   space 435712K, 0% used [0x0000000775d80000,0x0000000775d80000,0x0000000790700000)
 ParOldGen       total 1907712K, used 1501085K [0x00000005c4000000, 0x0000000638700000, 0x0000000716b00000)
  object space 1907712K, 78% used [0x00000005c4000000,0x000000061f9e7628,0x0000000638700000)
 Metaspace       used 8744K, capacity 8894K, committed 8960K, reserved 1056768K
  class space    used 912K, capacity 983K, committed 1024K, reserved 1048576K
Event: 6,126 GC heap after
Heap after GC invocations=23 (full 7):
 PSYoungGen      total 1512960K, used 359376K [0x0000000716b00000, 0x0000000796a00000, 0x00000007c0000000)
  eden space 1077248K, 0% used [0x0000000716b00000,0x0000000716b00000,0x0000000758700000)
  from space 435712K, 82% used [0x0000000775d80000,0x000000078bc74170,0x0000000790700000)
  to   space 481792K, 0% used [0x0000000758700000,0x0000000758700000,0x0000000775d80000)
 ParOldGen       total 1907712K, used 1834490K [0x00000005c4000000, 0x0000000638700000, 0x0000000716b00000)
  object space 1907712K, 96% used [0x00000005c4000000,0x0000000633f7eab8,0x0000000638700000)
 Metaspace       used 8744K, capacity 8894K, committed 8960K, reserved 1056768K
  class space    used 912K, capacity 983K, committed 1024K, reserved 1048576K
}
Event: 6,126 GC heap before
{Heap before GC invocations=24 (full 8):
 PSYoungGen      total 1512960K, used 359376K [0x0000000716b00000, 0x0000000796a00000, 0x00000007c0000000)
  eden space 1077248K, 0% used [0x0000000716b00000,0x0000000716b00000,0x0000000758700000)
  from space 435712K, 82% used [0x0000000775d80000,0x000000078bc74170,0x0000000790700000)
  to   space 481792K, 0% used [0x0000000758700000,0x0000000758700000,0x0000000775d80000)
 ParOldGen       total 1907712K, used 1834490K [0x00000005c4000000, 0x0000000638700000, 0x0000000716b00000)
  object space 1907712K, 96% used [0x00000005c4000000,0x0000000633f7eab8,0x0000000638700000)
 Metaspace       used 8744K, capacity 8894K, committed 8960K, reserved 1056768K
  class space    used 912K, capacity 983K, committed 1024K, reserved 1048576K
Event: 6,493 GC heap after
Heap after GC invocations=24 (full 8):
 PSYoungGen      total 1512960K, used 206221K [0x0000000716b00000, 0x0000000796a00000, 0x00000007c0000000)
  eden space 1077248K, 0% used [0x0000000716b00000,0x0000000716b00000,0x0000000758700000)
  from space 435712K, 47% used [0x0000000775d80000,0x00000007826e3660,0x0000000790700000)
  to   space 481792K, 0% used [0x0000000758700000,0x0000000758700000,0x0000000775d80000)
 ParOldGen       total 2412032K, used 1907331K [0x00000005c4000000, 0x0000000657380000, 0x0000000716b00000)
  object space 2412032K, 79% used [0x00000005c4000000,0x00000006386a0f28,0x0000000657380000)
 Metaspace       used 8744K, capacity 8894K, committed 8960K, reserved 1056768K
  class space    used 912K, capacity 983K, committed 1024K, reserved 1048576K
}
Event: 6,856 GC heap before
{Heap before GC invocations=25 (full 8):
 PSYoungGen      total 1512960K, used 1283469K [0x0000000716b00000, 0x0000000796a00000, 0x00000007c0000000)
  eden space 1077248K, 100% used [0x0000000716b00000,0x0000000758700000,0x0000000758700000)
  from space 435712K, 47% used [0x0000000775d80000,0x00000007826e3660,0x0000000790700000)
  to   space 481792K, 0% used [0x0000000758700000,0x0000000758700000,0x0000000775d80000)
 ParOldGen       total 2412032K, used 1907331K [0x00000005c4000000, 0x0000000657380000, 0x0000000716b00000)
  object space 2412032K, 79% used [0x00000005c4000000,0x00000006386a0f28,0x0000000657380000)
 Metaspace       used 8744K, capacity 8894K, committed 8960K, reserved 1056768K
  class space    used 912K, capacity 983K, committed 1024K, reserved 1048576K
Event: 7,070 GC heap after
Heap after GC invocations=25 (full 8):
 PSYoungGen      total 1559040K, used 453836K [0x0000000716b00000, 0x00000007a9500000, 0x00000007c0000000)
  eden space 1077248K, 0% used [0x0000000716b00000,0x0000000716b00000,0x0000000758700000)
  from space 481792K, 94% used [0x0000000758700000,0x0000000774233270,0x0000000775d80000)
  to   space 552960K, 0% used [0x0000000787900000,0x0000000787900000,0x00000007a9500000)
 ParOldGen       total 2412032K, used 2152561K [0x00000005c4000000, 0x0000000657380000, 0x0000000716b00000)
  object space 2412032K, 89% used [0x00000005c4000000,0x000000064761c590,0x0000000657380000)
 Metaspace       used 8744K, capacity 8894K, committed 8960K, reserved 1056768K
  class space    used 912K, capacity 983K, committed 1024K, reserved 1048576K
}
Event: 7,070 GC heap before
{Heap before GC invocations=26 (full 9):
 PSYoungGen      total 1559040K, used 453836K [0x0000000716b00000, 0x00000007a9500000, 0x00000007c0000000)
  eden space 1077248K, 0% used [0x0000000716b00000,0x0000000716b00000,0x0000000758700000)
  from space 481792K, 94% used [0x0000000758700000,0x0000000774233270,0x0000000775d80000)
  to   space 552960K, 0% used [0x0000000787900000,0x0000000787900000,0x00000007a9500000)
 ParOldGen       total 2412032K, used 2152561K [0x00000005c4000000, 0x0000000657380000, 0x0000000716b00000)
  object space 2412032K, 89% used [0x00000005c4000000,0x000000064761c590,0x0000000657380000)
 Metaspace       used 8744K, capacity 8894K, committed 8960K, reserved 1056768K
  class space    used 912K, capacity 983K, committed 1024K, reserved 1048576K

