# JRE version: Java(TM) SE Runtime Environment (8.0_121-b13) (build 1.8.0_121-b13)
# Java VM: Java HotSpot(TM) 64-Bit Server VM (25.121-b13 mixed mode linux-amd64 compressed oops)
Heap:
 PSYoungGen      total 1079808K, used 12543K [0x0000000716b00000, 0x000000075af80000, 0x00000007c0000000)
  eden space 1040896K, 0% used [0x0000000716b00000,0x0000000716b00000,0x0000000756380000)
  from space 38912K, 32% used [0x0000000756380000,0x0000000756fbfdb8,0x0000000758980000)
  to   space 38400K, 0% used [0x0000000758a00000,0x0000000758a00000,0x000000075af80000)
 ParOldGen       total 919040K, used 747635K [0x00000005c4000000, 0x00000005fc180000, 0x0000000716b00000)
  object space 919040K, 81% used [0x00000005c4000000,0x00000005f1a1cda0,0x00000005fc180000)
 Metaspace       used 17858K, capacity 18076K, committed 18304K, reserved 1064960K
  class space    used 1749K, capacity 1842K, committed 1920K, reserved 1048576K
GC Heap History (10 events):
Event: 29,973 GC heap after
Heap after GC invocations=49 (full 5):
 PSYoungGen      total 1052672K, used 12479K [0x0000000716b00000, 0x000000075a300000, 0x00000007c0000000)
  eden space 1006592K, 0% used [0x0000000716b00000,0x0000000716b00000,0x0000000754200000)
  from space 46080K, 27% used [0x0000000757600000,0x000000075822fdb8,0x000000075a300000)
  to   space 49664K, 0% used [0x0000000754200000,0x0000000754200000,0x0000000757280000)
 ParOldGen       total 919040K, used 747547K [0x00000005c4000000, 0x00000005fc180000, 0x0000000716b00000)
  object space 919040K, 81% used [0x00000005c4000000,0x00000005f1a06da0,0x00000005fc180000)
 Metaspace       used 17818K, capacity 18076K, committed 18304K, reserved 1064960K
  class space    used 1749K, capacity 1842K, committed 1920K, reserved 1048576K
}
Event: 30,881 GC heap before
{Heap before GC invocations=50 (full 5):
 PSYoungGen      total 1052672K, used 1019071K [0x0000000716b00000, 0x000000075a300000, 0x00000007c0000000)
  eden space 1006592K, 100% used [0x0000000716b00000,0x0000000754200000,0x0000000754200000)
  from space 46080K, 27% used [0x0000000757600000,0x000000075822fdb8,0x000000075a300000)
  to   space 49664K, 0% used [0x0000000754200000,0x0000000754200000,0x0000000757280000)
 ParOldGen       total 919040K, used 747547K [0x00000005c4000000, 0x00000005fc180000, 0x0000000716b00000)
  object space 919040K, 81% used [0x00000005c4000000,0x00000005f1a06da0,0x00000005fc180000)
 Metaspace       used 17842K, capacity 18076K, committed 18304K, reserved 1064960K
  class space    used 1749K, capacity 1842K, committed 1920K, reserved 1048576K
Event: 30,890 GC heap after
Heap after GC invocations=50 (full 5):
 PSYoungGen      total 1056256K, used 12039K [0x0000000716b00000, 0x000000075a900000, 0x00000007c0000000)
  eden space 1006592K, 0% used [0x0000000716b00000,0x0000000716b00000,0x0000000754200000)
  from space 49664K, 24% used [0x0000000754200000,0x0000000754dc1c60,0x0000000757280000)
  to   space 46592K, 0% used [0x0000000757b80000,0x0000000757b80000,0x000000075a900000)
 ParOldGen       total 919040K, used 747587K [0x00000005c4000000, 0x00000005fc180000, 0x0000000716b00000)
  object space 919040K, 81% used [0x00000005c4000000,0x00000005f1a10da0,0x00000005fc180000)
 Metaspace       used 17842K, capacity 18076K, committed 18304K, reserved 1064960K
  class space    used 1749K, capacity 1842K, committed 1920K, reserved 1048576K
}
Event: 31,562 GC heap before
{Heap before GC invocations=51 (full 5):
 PSYoungGen      total 1056256K, used 1018631K [0x0000000716b00000, 0x000000075a900000, 0x00000007c0000000)
  eden space 1006592K, 100% used [0x0000000716b00000,0x0000000754200000,0x0000000754200000)
  from space 49664K, 24% used [0x0000000754200000,0x0000000754dc1c60,0x0000000757280000)
  to   space 46592K, 0% used [0x0000000757b80000,0x0000000757b80000,0x000000075a900000)
 ParOldGen       total 919040K, used 747587K [0x00000005c4000000, 0x00000005fc180000, 0x0000000716b00000)
  object space 919040K, 81% used [0x00000005c4000000,0x00000005f1a10da0,0x00000005fc180000)
 Metaspace       used 17842K, capacity 18076K, committed 18304K, reserved 1064960K
  class space    used 1749K, capacity 1842K, committed 1920K, reserved 1048576K
Event: 31,604 GC heap after
Heap after GC invocations=51 (full 5):
 PSYoungGen      total 1068544K, used 11798K [0x0000000716b00000, 0x000000075a900000, 0x00000007c0000000)
  eden space 1021952K, 0% used [0x0000000716b00000,0x0000000716b00000,0x0000000755100000)
  from space 46592K, 25% used [0x0000000757b80000,0x0000000758705b00,0x000000075a900000)
  to   space 43520K, 0% used [0x0000000755100000,0x0000000755100000,0x0000000757b80000)
 ParOldGen       total 919040K, used 747603K [0x00000005c4000000, 0x00000005fc180000, 0x0000000716b00000)
  object space 919040K, 81% used [0x00000005c4000000,0x00000005f1a14da0,0x00000005fc180000)
 Metaspace       used 17842K, capacity 18076K, committed 18304K, reserved 1064960K
  class space    used 1749K, capacity 1842K, committed 1920K, reserved 1048576K
}
Event: 32,287 GC heap before
{Heap before GC invocations=52 (full 5):
 PSYoungGen      total 1068544K, used 1033750K [0x0000000716b00000, 0x000000075a900000, 0x00000007c0000000)
  eden space 1021952K, 100% used [0x0000000716b00000,0x0000000755100000,0x0000000755100000)
  from space 46592K, 25% used [0x0000000757b80000,0x0000000758705b00,0x000000075a900000)
  to   space 43520K, 0% used [0x0000000755100000,0x0000000755100000,0x0000000757b80000)
 ParOldGen       total 919040K, used 747603K [0x00000005c4000000, 0x00000005fc180000, 0x0000000716b00000)
  object space 919040K, 81% used [0x00000005c4000000,0x00000005f1a14da0,0x00000005fc180000)
 Metaspace       used 17842K, capacity 18076K, committed 18304K, reserved 1064960K
  class space    used 1749K, capacity 1842K, committed 1920K, reserved 1048576K
Event: 32,299 GC heap after
Heap after GC invocations=52 (full 5):
 PSYoungGen      total 1065472K, used 11662K [0x0000000716b00000, 0x000000075b280000, 0x00000007c0000000)
  eden space 1021952K, 0% used [0x0000000716b00000,0x0000000716b00000,0x0000000755100000)
  from space 43520K, 26% used [0x0000000755100000,0x0000000755c63bb0,0x0000000757b80000)
  to   space 41472K, 0% used [0x0000000758a00000,0x0000000758a00000,0x000000075b280000)
 ParOldGen       total 919040K, used 747603K [0x00000005c4000000, 0x00000005fc180000, 0x0000000716b00000)
  object space 919040K, 81% used [0x00000005c4000000,0x00000005f1a14da0,0x00000005fc180000)
 Metaspace       used 17842K, capacity 18076K, committed 18304K, reserved 1064960K
  class space    used 1749K, capacity 1842K, committed 1920K, reserved 1048576K
}
Event: 32,981 GC heap before
{Heap before GC invocations=53 (full 5):
 PSYoungGen      total 1065472K, used 1033614K [0x0000000716b00000, 0x000000075b280000, 0x00000007c0000000)
  eden space 1021952K, 100% used [0x0000000716b00000,0x0000000755100000,0x0000000755100000)
  from space 43520K, 26% used [0x0000000755100000,0x0000000755c63bb0,0x0000000757b80000)
  to   space 41472K, 0% used [0x0000000758a00000,0x0000000758a00000,0x000000075b280000)
 ParOldGen       total 919040K, used 747603K [0x00000005c4000000, 0x00000005fc180000, 0x0000000716b00000)
  object space 919040K, 81% used [0x00000005c4000000,0x00000005f1a14da0,0x00000005fc180000)
 Metaspace       used 17842K, capacity 18076K, committed 18304K, reserved 1064960K
  class space    used 1749K, capacity 1842K, committed 1920K, reserved 1048576K
Event: 33,007 GC heap after
Heap after GC invocations=53 (full 5):
 PSYoungGen      total 1079296K, used 11854K [0x0000000716b00000, 0x000000075af80000, 0x00000007c0000000)
  eden space 1040896K, 0% used [0x0000000716b00000,0x0000000716b00000,0x0000000756380000)
  from space 38400K, 30% used [0x0000000758a00000,0x0000000759593bb0,0x000000075af80000)
  to   space 38912K, 0% used [0x0000000756380000,0x0000000756380000,0x0000000758980000)
 ParOldGen       total 919040K, used 747627K [0x00000005c4000000, 0x00000005fc180000, 0x0000000716b00000)
  object space 919040K, 81% used [0x00000005c4000000,0x00000005f1a1ada0,0x00000005fc180000)
 Metaspace       used 17842K, capacity 18076K, committed 18304K, reserved 1064960K
  class space    used 1749K, capacity 1842K, committed 1920K, reserved 1048576K
}
Event: 38,061 GC heap before
{Heap before GC invocations=54 (full 5):
 PSYoungGen      total 1079296K, used 1052750K [0x0000000716b00000, 0x000000075af80000, 0x00000007c0000000)
  eden space 1040896K, 100% used [0x0000000716b00000,0x0000000756380000,0x0000000756380000)
  from space 38400K, 30% used [0x0000000758a00000,0x0000000759593bb0,0x000000075af80000)
  to   space 38912K, 0% used [0x0000000756380000,0x0000000756380000,0x0000000758980000)
 ParOldGen       total 919040K, used 747627K [0x00000005c4000000, 0x00000005fc180000, 0x0000000716b00000)
  object space 919040K, 81% used [0x00000005c4000000,0x00000005f1a1ada0,0x00000005fc180000)
 Metaspace       used 17858K, capacity 18076K, committed 18304K, reserved 1064960K
  class space    used 1749K, capacity 1842K, committed 1920K, reserved 1048576K

