# JRE version: Java(TM) SE Runtime Environment (8.0_111-b14) (build 1.8.0_111-b14)
# Java VM: Java HotSpot(TM) 64-Bit Server VM (25.111-b14 mixed mode linux-amd64 compressed oops)
Heap:
 PSYoungGen      total 1311744K, used 245062K [0x0000000716b00000, 0x0000000792000000, 0x00000007c0000000)
  eden space 886784K, 0% used [0x0000000716b00000,0x0000000716b00000,0x000000074cd00000)
  from space 424960K, 57% used [0x000000074cd00000,0x000000075bc51ab0,0x0000000766c00000)
  to   space 470528K, 0% used [0x0000000775480000,0x0000000775480000,0x0000000792000000)
 ParOldGen       total 2312704K, used 2312468K [0x00000005c4000000, 0x0000000651280000, 0x0000000716b00000)
  object space 2312704K, 99% used [0x00000005c4000000,0x0000000651245320,0x0000000651280000)
 Metaspace       used 8746K, capacity 8894K, committed 8960K, reserved 1056768K
  class space    used 912K, capacity 983K, committed 1024K, reserved 1048576K
GC Heap History (10 events):
Event: 9,806 GC heap after
Heap after GC invocations=26 (full 8):
 PSYoungGen      total 1065984K, used 195707K [0x0000000716b00000, 0x0000000771a00000, 0x00000007c0000000)
  eden space 749056K, 0% used [0x0000000716b00000,0x0000000716b00000,0x0000000744680000)
  from space 316928K, 61% used [0x0000000759b80000,0x0000000765a9efe0,0x000000076d100000)
  to   space 349184K, 0% used [0x0000000744680000,0x0000000744680000,0x0000000759b80000)
 ParOldGen       total 1854464K, used 1444460K [0x00000005c4000000, 0x0000000635300000, 0x0000000716b00000)
  object space 1854464K, 77% used [0x00000005c4000000,0x000000061c29b098,0x0000000635300000)
 Metaspace       used 8738K, capacity 8894K, committed 8960K, reserved 1056768K
  class space    used 912K, capacity 983K, committed 1024K, reserved 1048576K
}
Event: 10,026 GC heap before
{Heap before GC invocations=27 (full 8):
 PSYoungGen      total 1065984K, used 944763K [0x0000000716b00000, 0x0000000771a00000, 0x00000007c0000000)
  eden space 749056K, 100% used [0x0000000716b00000,0x0000000744680000,0x0000000744680000)
  from space 316928K, 61% used [0x0000000759b80000,0x0000000765a9efe0,0x000000076d100000)
  to   space 349184K, 0% used [0x0000000744680000,0x0000000744680000,0x0000000759b80000)
 ParOldGen       total 1854464K, used 1444460K [0x00000005c4000000, 0x0000000635300000, 0x0000000716b00000)
  object space 1854464K, 77% used [0x00000005c4000000,0x000000061c29b098,0x0000000635300000)
 Metaspace       used 8746K, capacity 8894K, committed 8960K, reserved 1056768K
  class space    used 912K, capacity 983K, committed 1024K, reserved 1048576K
Event: 10,209 GC heap after
Heap after GC invocations=27 (full 8):
 PSYoungGen      total 1098240K, used 301119K [0x0000000716b00000, 0x000000077e900000, 0x00000007c0000000)
  eden space 749056K, 0% used [0x0000000716b00000,0x0000000716b00000,0x0000000744680000)
  from space 349184K, 86% used [0x0000000744680000,0x0000000756c8fd10,0x0000000759b80000)
  to   space 390144K, 0% used [0x0000000766c00000,0x0000000766c00000,0x000000077e900000)
 ParOldGen       total 1854464K, used 1656075K [0x00000005c4000000, 0x0000000635300000, 0x0000000716b00000)
  object space 1854464K, 89% used [0x00000005c4000000,0x0000000629142fd8,0x0000000635300000)
 Metaspace       used 8746K, capacity 8894K, committed 8960K, reserved 1056768K
  class space    used 912K, capacity 983K, committed 1024K, reserved 1048576K
}
Event: 10,209 GC heap before
{Heap before GC invocations=28 (full 9):
 PSYoungGen      total 1098240K, used 301119K [0x0000000716b00000, 0x000000077e900000, 0x00000007c0000000)
  eden space 749056K, 0% used [0x0000000716b00000,0x0000000716b00000,0x0000000744680000)
  from space 349184K, 86% used [0x0000000744680000,0x0000000756c8fd10,0x0000000759b80000)
  to   space 390144K, 0% used [0x0000000766c00000,0x0000000766c00000,0x000000077e900000)
 ParOldGen       total 1854464K, used 1656075K [0x00000005c4000000, 0x0000000635300000, 0x0000000716b00000)
  object space 1854464K, 89% used [0x00000005c4000000,0x0000000629142fd8,0x0000000635300000)
 Metaspace       used 8746K, capacity 8894K, committed 8960K, reserved 1056768K
  class space    used 912K, capacity 983K, committed 1024K, reserved 1048576K
Event: 10,541 GC heap after
Heap after GC invocations=28 (full 9):
 PSYoungGen      total 1098240K, used 76929K [0x0000000716b00000, 0x000000077e900000, 0x00000007c0000000)
  eden space 749056K, 0% used [0x0000000716b00000,0x0000000716b00000,0x0000000744680000)
  from space 349184K, 22% used [0x0000000744680000,0x00000007491a06d8,0x0000000759b80000)
  to   space 390144K, 0% used [0x0000000766c00000,0x0000000766c00000,0x000000077e900000)
 ParOldGen       total 2312704K, used 1854016K [0x00000005c4000000, 0x0000000651280000, 0x0000000716b00000)
  object space 2312704K, 80% used [0x00000005c4000000,0x0000000635290330,0x0000000651280000)
 Metaspace       used 8746K, capacity 8894K, committed 8960K, reserved 1056768K
  class space    used 912K, capacity 983K, committed 1024K, reserved 1048576K
}
Event: 10,757 GC heap before
{Heap before GC invocations=29 (full 9):
 PSYoungGen      total 1098240K, used 825985K [0x0000000716b00000, 0x000000077e900000, 0x00000007c0000000)
  eden space 749056K, 100% used [0x0000000716b00000,0x0000000744680000,0x0000000744680000)
  from space 349184K, 22% used [0x0000000744680000,0x00000007491a06d8,0x0000000759b80000)
  to   space 390144K, 0% used [0x0000000766c00000,0x0000000766c00000,0x000000077e900000)
 ParOldGen       total 2312704K, used 1854016K [0x00000005c4000000, 0x0000000651280000, 0x0000000716b00000)
  object space 2312704K, 80% used [0x00000005c4000000,0x0000000635290330,0x0000000651280000)
 Metaspace       used 8746K, capacity 8894K, committed 8960K, reserved 1056768K
  class space    used 912K, capacity 983K, committed 1024K, reserved 1048576K
Event: 10,992 GC heap after
Heap after GC invocations=29 (full 9):
 PSYoungGen      total 1276928K, used 308058K [0x0000000716b00000, 0x0000000781e80000, 0x00000007c0000000)
  eden space 886784K, 0% used [0x0000000716b00000,0x0000000716b00000,0x000000074cd00000)
  from space 390144K, 78% used [0x0000000766c00000,0x00000007798d6948,0x000000077e900000)
  to   space 424960K, 0% used [0x000000074cd00000,0x000000074cd00000,0x0000000766c00000)
 ParOldGen       total 2312704K, used 1951247K [0x00000005c4000000, 0x0000000651280000, 0x0000000716b00000)
  object space 2312704K, 84% used [0x00000005c4000000,0x000000063b183df8,0x0000000651280000)
 Metaspace       used 8746K, capacity 8894K, committed 8960K, reserved 1056768K
  class space    used 912K, capacity 983K, committed 1024K, reserved 1048576K
}
Event: 11,279 GC heap before
{Heap before GC invocations=30 (full 9):
 PSYoungGen      total 1276928K, used 1194842K [0x0000000716b00000, 0x0000000781e80000, 0x00000007c0000000)
  eden space 886784K, 100% used [0x0000000716b00000,0x000000074cd00000,0x000000074cd00000)
  from space 390144K, 78% used [0x0000000766c00000,0x00000007798d6948,0x000000077e900000)
  to   space 424960K, 0% used [0x000000074cd00000,0x000000074cd00000,0x0000000766c00000)
 ParOldGen       total 2312704K, used 1951247K [0x00000005c4000000, 0x0000000651280000, 0x0000000716b00000)
  object space 2312704K, 84% used [0x00000005c4000000,0x000000063b183df8,0x0000000651280000)
 Metaspace       used 8746K, capacity 8894K, committed 8960K, reserved 1056768K
  class space    used 912K, capacity 983K, committed 1024K, reserved 1048576K
Event: 11,513 GC heap after
Heap after GC invocations=30 (full 9):
 PSYoungGen      total 1311744K, used 357377K [0x0000000716b00000, 0x0000000792000000, 0x00000007c0000000)
  eden space 886784K, 0% used [0x0000000716b00000,0x0000000716b00000,0x000000074cd00000)
  from space 424960K, 84% used [0x000000074cd00000,0x0000000762a00720,0x0000000766c00000)
  to   space 470528K, 0% used [0x0000000775480000,0x0000000775480000,0x0000000792000000)
 ParOldGen       total 2312704K, used 2292090K [0x00000005c4000000, 0x0000000651280000, 0x0000000716b00000)
  object space 2312704K, 99% used [0x00000005c4000000,0x000000064fe5e9d8,0x0000000651280000)
 Metaspace       used 8746K, capacity 8894K, committed 8960K, reserved 1056768K
  class space    used 912K, capacity 983K, committed 1024K, reserved 1048576K
}
Event: 11,513 GC heap before
{Heap before GC invocations=31 (full 10):
 PSYoungGen      total 1311744K, used 357377K [0x0000000716b00000, 0x0000000792000000, 0x00000007c0000000)
  eden space 886784K, 0% used [0x0000000716b00000,0x0000000716b00000,0x000000074cd00000)
  from space 424960K, 84% used [0x000000074cd00000,0x0000000762a00720,0x0000000766c00000)
  to   space 470528K, 0% used [0x0000000775480000,0x0000000775480000,0x0000000792000000)
 ParOldGen       total 2312704K, used 2292090K [0x00000005c4000000, 0x0000000651280000, 0x0000000716b00000)
  object space 2312704K, 99% used [0x00000005c4000000,0x000000064fe5e9d8,0x0000000651280000)
 Metaspace       used 8746K, capacity 8894K, committed 8960K, reserved 1056768K
  class space    used 912K, capacity 983K, committed 1024K, reserved 1048576K

