# JRE version: OpenJDK Runtime Environment (7.0_121) (build 1.7.0_121-b00)
# Java VM: OpenJDK 64-Bit Server VM (24.121-b00 mixed mode linux-amd64 compressed oops)
Heap
 PSYoungGen      total 2844160K, used 371826K [0x00000006c7800000, 0x00000007c8200000, 0x0000000800000000)
  eden space 1615872K, 0% used [0x00000006c7800000,0x00000006c7800000,0x000000072a200000)
  from space 1228288K, 30% used [0x000000072a200000,0x0000000740d1cb90,0x0000000775180000)
  to   space 1174016K, 0% used [0x0000000780780000,0x0000000780780000,0x00000007c8200000)
 ParOldGen       total 7286784K, used 7286701K [0x0000000456800000, 0x0000000613400000, 0x00000006c7800000)
  object space 7286784K, 99% used [0x0000000456800000,0x00000006133eb570,0x0000000613400000)
 PSPermGen       total 21504K, used 8375K [0x000000044c200000, 0x000000044d700000, 0x0000000456800000)
  object space 21504K, 38% used [0x000000044c200000,0x000000044ca2dcc0,0x000000044d700000)
GC Heap History (10 events):
Event: 17,840 GC heap after
Heap after GC invocations=36 (full 10):
 PSYoungGen      total 2604032K, used 549127K [0x00000006c7800000, 0x00000007a5a00000, 0x0000000800000000)
  eden space 1626112K, 0% used [0x00000006c7800000,0x00000006c7800000,0x000000072ac00000)
  from space 977920K, 56% used [0x0000000769f00000,0x000000078b741e18,0x00000007a5a00000)
  to   space 1006592K, 0% used [0x000000072ac00000,0x000000072ac00000,0x0000000768300000)
 ParOldGen       total 6224384K, used 5546236K [0x0000000456800000, 0x00000005d2680000, 0x00000006c7800000)
  object space 6224384K, 89% used [0x0000000456800000,0x00000005a903f070,0x00000005d2680000)
 PSPermGen       total 21504K, used 8374K [0x000000044c200000, 0x000000044d700000, 0x0000000456800000)
  object space 21504K, 38% used [0x000000044c200000,0x000000044ca2db20,0x000000044d700000)
}
Event: 17,840 GC heap before
{Heap before GC invocations=37 (full 11):
 PSYoungGen      total 2604032K, used 549127K [0x00000006c7800000, 0x00000007a5a00000, 0x0000000800000000)
  eden space 1626112K, 0% used [0x00000006c7800000,0x00000006c7800000,0x000000072ac00000)
  from space 977920K, 56% used [0x0000000769f00000,0x000000078b741e18,0x00000007a5a00000)
  to   space 1006592K, 0% used [0x000000072ac00000,0x000000072ac00000,0x0000000768300000)
 ParOldGen       total 6224384K, used 5546236K [0x0000000456800000, 0x00000005d2680000, 0x00000006c7800000)
  object space 6224384K, 89% used [0x0000000456800000,0x00000005a903f070,0x00000005d2680000)
 PSPermGen       total 21504K, used 8374K [0x000000044c200000, 0x000000044d700000, 0x0000000456800000)
  object space 21504K, 38% used [0x000000044c200000,0x000000044ca2db20,0x000000044d700000)
Event: 18,475 GC heap after
Heap after GC invocations=37 (full 11):
 PSYoungGen      total 2604032K, used 0K [0x00000006c7800000, 0x00000007a5a00000, 0x0000000800000000)
  eden space 1626112K, 0% used [0x00000006c7800000,0x00000006c7800000,0x000000072ac00000)
  from space 977920K, 0% used [0x0000000769f00000,0x0000000769f00000,0x00000007a5a00000)
  to   space 1006592K, 0% used [0x000000072ac00000,0x000000072ac00000,0x0000000768300000)
 ParOldGen       total 7286784K, used 6020768K [0x0000000456800000, 0x0000000613400000, 0x00000006c7800000)
  object space 7286784K, 82% used [0x0000000456800000,0x00000005c5fa8018,0x0000000613400000)
 PSPermGen       total 21504K, used 8374K [0x000000044c200000, 0x000000044d700000, 0x0000000456800000)
  object space 21504K, 38% used [0x000000044c200000,0x000000044ca2db20,0x000000044d700000)
}
Event: 18,959 GC heap before
{Heap before GC invocations=38 (full 11):
 PSYoungGen      total 2604032K, used 1626112K [0x00000006c7800000, 0x00000007a5a00000, 0x0000000800000000)
  eden space 1626112K, 100% used [0x00000006c7800000,0x000000072ac00000,0x000000072ac00000)
  from space 977920K, 0% used [0x0000000769f00000,0x0000000769f00000,0x00000007a5a00000)
  to   space 1006592K, 0% used [0x000000072ac00000,0x000000072ac00000,0x0000000768300000)
 ParOldGen       total 7286784K, used 6020768K [0x0000000456800000, 0x0000000613400000, 0x00000006c7800000)
  object space 7286784K, 82% used [0x0000000456800000,0x00000005c5fa8018,0x0000000613400000)
 PSPermGen       total 21504K, used 8374K [0x000000044c200000, 0x000000044d700000, 0x0000000456800000)
  object space 21504K, 38% used [0x000000044c200000,0x000000044ca2db20,0x000000044d700000)
Event: 19,069 GC heap after
Heap after GC invocations=38 (full 11):
 PSYoungGen      total 2632704K, used 621931K [0x00000006c7800000, 0x00000007b3380000, 0x0000000800000000)
  eden space 1626112K, 0% used [0x00000006c7800000,0x00000006c7800000,0x000000072ac00000)
  from space 1006592K, 61% used [0x000000072ac00000,0x0000000750b5ae78,0x0000000768300000)
  to   space 1017856K, 0% used [0x0000000775180000,0x0000000775180000,0x00000007b3380000)
 ParOldGen       total 7286784K, used 6020768K [0x0000000456800000, 0x0000000613400000, 0x00000006c7800000)
  object space 7286784K, 82% used [0x0000000456800000,0x00000005c5fa8018,0x0000000613400000)
 PSPermGen       total 21504K, used 8374K [0x000000044c200000, 0x000000044d700000, 0x0000000456800000)
  object space 21504K, 38% used [0x000000044c200000,0x000000044ca2db20,0x000000044d700000)
}
Event: 19,545 GC heap before
{Heap before GC invocations=39 (full 11):
 PSYoungGen      total 2632704K, used 2248043K [0x00000006c7800000, 0x00000007b3380000, 0x0000000800000000)
  eden space 1626112K, 100% used [0x00000006c7800000,0x000000072ac00000,0x000000072ac00000)
  from space 1006592K, 61% used [0x000000072ac00000,0x0000000750b5ae78,0x0000000768300000)
  to   space 1017856K, 0% used [0x0000000775180000,0x0000000775180000,0x00000007b3380000)
 ParOldGen       total 7286784K, used 6020768K [0x0000000456800000, 0x0000000613400000, 0x00000006c7800000)
  object space 7286784K, 82% used [0x0000000456800000,0x00000005c5fa8018,0x0000000613400000)
 PSPermGen       total 21504K, used 8375K [0x000000044c200000, 0x000000044d700000, 0x0000000456800000)
  object space 21504K, 38% used [0x000000044c200000,0x000000044ca2dcc0,0x000000044d700000)
Event: 19,903 GC heap after
Heap after GC invocations=39 (full 11):
 PSYoungGen      total 2633728K, used 1017831K [0x00000006c7800000, 0x00000007ce200000, 0x0000000800000000)
  eden space 1615872K, 0% used [0x00000006c7800000,0x00000006c7800000,0x000000072a200000)
  from space 1017856K, 99% used [0x0000000775180000,0x00000007b3379ec0,0x00000007b3380000)
  to   space 1228288K, 0% used [0x000000072a200000,0x000000072a200000,0x0000000775180000)
 ParOldGen       total 7286784K, used 6180139K [0x0000000456800000, 0x0000000613400000, 0x00000006c7800000)
  object space 7286784K, 84% used [0x0000000456800000,0x00000005cfb4afc0,0x0000000613400000)
 PSPermGen       total 21504K, used 8375K [0x000000044c200000, 0x000000044d700000, 0x0000000456800000)
  object space 21504K, 38% used [0x000000044c200000,0x000000044ca2dcc0,0x000000044d700000)
}
Event: 20,375 GC heap before
{Heap before GC invocations=40 (full 11):
 PSYoungGen      total 2633728K, used 2633703K [0x00000006c7800000, 0x00000007ce200000, 0x0000000800000000)
  eden space 1615872K, 100% used [0x00000006c7800000,0x000000072a200000,0x000000072a200000)
  from space 1017856K, 99% used [0x0000000775180000,0x00000007b3379ec0,0x00000007b3380000)
  to   space 1228288K, 0% used [0x000000072a200000,0x000000072a200000,0x0000000775180000)
 ParOldGen       total 7286784K, used 6180139K [0x0000000456800000, 0x0000000613400000, 0x00000006c7800000)
  object space 7286784K, 84% used [0x0000000456800000,0x00000005cfb4afc0,0x0000000613400000)
 PSPermGen       total 21504K, used 8375K [0x000000044c200000, 0x000000044d700000, 0x0000000456800000)
  object space 21504K, 38% used [0x000000044c200000,0x000000044ca2dcc0,0x000000044d700000)
Event: 20,899 GC heap after
Heap after GC invocations=40 (full 11):
 PSYoungGen      total 2844160K, used 572004K [0x00000006c7800000, 0x00000007c8200000, 0x0000000800000000)
  eden space 1615872K, 0% used [0x00000006c7800000,0x00000006c7800000,0x000000072a200000)
  from space 1228288K, 46% used [0x000000072a200000,0x000000074d099098,0x0000000775180000)
  to   space 1174016K, 0% used [0x0000000780780000,0x0000000780780000,0x00000007c8200000)
 ParOldGen       total 7286784K, used 7104417K [0x0000000456800000, 0x0000000613400000, 0x00000006c7800000)
  object space 7286784K, 97% used [0x0000000456800000,0x00000006081e8518,0x0000000613400000)
 PSPermGen       total 21504K, used 8375K [0x000000044c200000, 0x000000044d700000, 0x0000000456800000)
  object space 21504K, 38% used [0x000000044c200000,0x000000044ca2dcc0,0x000000044d700000)
}
Event: 20,899 GC heap before
{Heap before GC invocations=41 (full 12):
 PSYoungGen      total 2844160K, used 572004K [0x00000006c7800000, 0x00000007c8200000, 0x0000000800000000)
  eden space 1615872K, 0% used [0x00000006c7800000,0x00000006c7800000,0x000000072a200000)
  from space 1228288K, 46% used [0x000000072a200000,0x000000074d099098,0x0000000775180000)
  to   space 1174016K, 0% used [0x0000000780780000,0x0000000780780000,0x00000007c8200000)
 ParOldGen       total 7286784K, used 7104417K [0x0000000456800000, 0x0000000613400000, 0x00000006c7800000)
  object space 7286784K, 97% used [0x0000000456800000,0x00000006081e8518,0x0000000613400000)
 PSPermGen       total 21504K, used 8375K [0x000000044c200000, 0x000000044d700000, 0x0000000456800000)
  object space 21504K, 38% used [0x000000044c200000,0x000000044ca2dcc0,0x000000044d700000)

