# JRE version: Java(TM) SE Runtime Environment (8.0_91-b14) (build 1.8.0_91-b14)
# Java VM: Java HotSpot(TM) 64-Bit Server VM (25.91-b14 mixed mode linux-amd64 compressed oops)
Heap:
 PSYoungGen      total 1272320K, used 790K [0x0000000716b00000, 0x0000000767600000, 0x00000007c0000000)
  eden space 1222656K, 0% used [0x0000000716b00000,0x0000000716b00000,0x0000000761500000)
  from space 49664K, 1% used [0x0000000761500000,0x00000007615c5b38,0x0000000764580000)
  to   space 48640K, 0% used [0x0000000764680000,0x0000000764680000,0x0000000767600000)
 ParOldGen       total 139264K, used 79513K [0x00000005c4000000, 0x00000005cc800000, 0x0000000716b00000)
  object space 139264K, 57% used [0x00000005c4000000,0x00000005c8da6740,0x00000005cc800000)
 Metaspace       used 11120K, capacity 11320K, committed 11392K, reserved 1058816K
  class space    used 1041K, capacity 1098K, committed 1152K, reserved 1048576K
GC Heap History (10 events):
Event: 4973,927 GC heap after
Heap after GC invocations=9 (full 0):
 PSYoungGen      total 529920K, used 8679K [0x0000000716b00000, 0x000000074b880000, 0x00000007c0000000)
  eden space 477696K, 0% used [0x0000000716b00000,0x0000000716b00000,0x0000000733d80000)
  from space 52224K, 16% used [0x0000000733d80000,0x00000007345f9e20,0x0000000737080000)
  to   space 50688K, 0% used [0x0000000748700000,0x0000000748700000,0x000000074b880000)
 ParOldGen       total 84992K, used 73702K [0x00000005c4000000, 0x00000005c9300000, 0x0000000716b00000)
  object space 84992K, 86% used [0x00000005c4000000,0x00000005c87f9a70,0x00000005c9300000)
 Metaspace       used 11106K, capacity 11320K, committed 11392K, reserved 1058816K
  class space    used 1040K, capacity 1098K, committed 1152K, reserved 1048576K
}
Event: 4973,927 GC heap before
{Heap before GC invocations=10 (full 1):
 PSYoungGen      total 529920K, used 8679K [0x0000000716b00000, 0x000000074b880000, 0x00000007c0000000)
  eden space 477696K, 0% used [0x0000000716b00000,0x0000000716b00000,0x0000000733d80000)
  from space 52224K, 16% used [0x0000000733d80000,0x00000007345f9e20,0x0000000737080000)
  to   space 50688K, 0% used [0x0000000748700000,0x0000000748700000,0x000000074b880000)
 ParOldGen       total 84992K, used 73702K [0x00000005c4000000, 0x00000005c9300000, 0x0000000716b00000)
  object space 84992K, 86% used [0x00000005c4000000,0x00000005c87f9a70,0x00000005c9300000)
 Metaspace       used 11106K, capacity 11320K, committed 11392K, reserved 1058816K
  class space    used 1040K, capacity 1098K, committed 1152K, reserved 1048576K
Event: 4974,086 GC heap after
Heap after GC invocations=10 (full 1):
 PSYoungGen      total 529920K, used 0K [0x0000000716b00000, 0x000000074b880000, 0x00000007c0000000)
  eden space 477696K, 0% used [0x0000000716b00000,0x0000000716b00000,0x0000000733d80000)
  from space 52224K, 0% used [0x0000000733d80000,0x0000000733d80000,0x0000000737080000)
  to   space 50688K, 0% used [0x0000000748700000,0x0000000748700000,0x000000074b880000)
 ParOldGen       total 139264K, used 79311K [0x00000005c4000000, 0x00000005cc800000, 0x0000000716b00000)
  object space 139264K, 56% used [0x00000005c4000000,0x00000005c8d73ff0,0x00000005cc800000)
 Metaspace       used 11106K, capacity 11320K, committed 11392K, reserved 1058816K
  class space    used 1040K, capacity 1098K, committed 1152K, reserved 1048576K
}
Event: 4974,446 GC heap before
{Heap before GC invocations=11 (full 1):
 PSYoungGen      total 529920K, used 477696K [0x0000000716b00000, 0x000000074b880000, 0x00000007c0000000)
  eden space 477696K, 100% used [0x0000000716b00000,0x0000000733d80000,0x0000000733d80000)
  from space 52224K, 0% used [0x0000000733d80000,0x0000000733d80000,0x0000000737080000)
  to   space 50688K, 0% used [0x0000000748700000,0x0000000748700000,0x000000074b880000)
 ParOldGen       total 139264K, used 79311K [0x00000005c4000000, 0x00000005cc800000, 0x0000000716b00000)
  object space 139264K, 56% used [0x00000005c4000000,0x00000005c8d73ff0,0x00000005cc800000)
 Metaspace       used 11110K, capacity 11320K, committed 11392K, reserved 1058816K
  class space    used 1041K, capacity 1098K, committed 1152K, reserved 1048576K
Event: 4974,448 GC heap after
Heap after GC invocations=11 (full 1):
 PSYoungGen      total 815104K, used 754K [0x0000000716b00000, 0x000000074b880000, 0x00000007c0000000)
  eden space 764416K, 0% used [0x0000000716b00000,0x0000000716b00000,0x0000000745580000)
  from space 50688K, 1% used [0x0000000748700000,0x00000007487bc940,0x000000074b880000)
  to   space 50688K, 0% used [0x0000000745580000,0x0000000745580000,0x0000000748700000)
 ParOldGen       total 139264K, used 79319K [0x00000005c4000000, 0x00000005cc800000, 0x0000000716b00000)
  object space 139264K, 56% used [0x00000005c4000000,0x00000005c8d75ff0,0x00000005cc800000)
 Metaspace       used 11110K, capacity 11320K, committed 11392K, reserved 1058816K
  class space    used 1041K, capacity 1098K, committed 1152K, reserved 1048576K
}
Event: 4975,256 GC heap before
{Heap before GC invocations=12 (full 1):
 PSYoungGen      total 815104K, used 765170K [0x0000000716b00000, 0x000000074b880000, 0x00000007c0000000)
  eden space 764416K, 100% used [0x0000000716b00000,0x0000000745580000,0x0000000745580000)
  from space 50688K, 1% used [0x0000000748700000,0x00000007487bc940,0x000000074b880000)
  to   space 50688K, 0% used [0x0000000745580000,0x0000000745580000,0x0000000748700000)
 ParOldGen       total 139264K, used 79319K [0x00000005c4000000, 0x00000005cc800000, 0x0000000716b00000)
  object space 139264K, 56% used [0x00000005c4000000,0x00000005c8d75ff0,0x00000005cc800000)
 Metaspace       used 11113K, capacity 11320K, committed 11392K, reserved 1058816K
  class space    used 1041K, capacity 1098K, committed 1152K, reserved 1048576K
Event: 4975,265 GC heap after
Heap after GC invocations=12 (full 1):
 PSYoungGen      total 815104K, used 635K [0x0000000716b00000, 0x0000000767800000, 0x00000007c0000000)
  eden space 764416K, 0% used [0x0000000716b00000,0x0000000716b00000,0x0000000745580000)
  from space 50688K, 1% used [0x0000000745580000,0x000000074561ed60,0x0000000748700000)
  to   space 50688K, 0% used [0x0000000764680000,0x0000000764680000,0x0000000767800000)
 ParOldGen       total 139264K, used 79497K [0x00000005c4000000, 0x00000005cc800000, 0x0000000716b00000)
  object space 139264K, 57% used [0x00000005c4000000,0x00000005c8da2740,0x00000005cc800000)
 Metaspace       used 11113K, capacity 11320K, committed 11392K, reserved 1058816K
  class space    used 1041K, capacity 1098K, committed 1152K, reserved 1048576K
}
Event: 4975,918 GC heap before
{Heap before GC invocations=13 (full 1):
 PSYoungGen      total 815104K, used 765051K [0x0000000716b00000, 0x0000000767800000, 0x00000007c0000000)
  eden space 764416K, 100% used [0x0000000716b00000,0x0000000745580000,0x0000000745580000)
  from space 50688K, 1% used [0x0000000745580000,0x000000074561ed60,0x0000000748700000)
  to   space 50688K, 0% used [0x0000000764680000,0x0000000764680000,0x0000000767800000)
 ParOldGen       total 139264K, used 79497K [0x00000005c4000000, 0x00000005cc800000, 0x0000000716b00000)
  object space 139264K, 57% used [0x00000005c4000000,0x00000005c8da2740,0x00000005cc800000)
 Metaspace       used 11116K, capacity 11320K, committed 11392K, reserved 1058816K
  class space    used 1041K, capacity 1098K, committed 1152K, reserved 1048576K
Event: 4975,920 GC heap after
Heap after GC invocations=13 (full 1):
 PSYoungGen      total 1271296K, used 436K [0x0000000716b00000, 0x0000000767600000, 0x00000007c0000000)
  eden space 1222656K, 0% used [0x0000000716b00000,0x0000000716b00000,0x0000000761500000)
  from space 48640K, 0% used [0x0000000764680000,0x00000007646ed170,0x0000000767600000)
  to   space 49664K, 0% used [0x0000000761500000,0x0000000761500000,0x0000000764580000)
 ParOldGen       total 139264K, used 79505K [0x00000005c4000000, 0x00000005cc800000, 0x0000000716b00000)
  object space 139264K, 57% used [0x00000005c4000000,0x00000005c8da4740,0x00000005cc800000)
 Metaspace       used 11116K, capacity 11320K, committed 11392K, reserved 1058816K
  class space    used 1041K, capacity 1098K, committed 1152K, reserved 1048576K
}
Event: 4977,305 GC heap before
{Heap before GC invocations=14 (full 1):
 PSYoungGen      total 1271296K, used 1223092K [0x0000000716b00000, 0x0000000767600000, 0x00000007c0000000)
  eden space 1222656K, 100% used [0x0000000716b00000,0x0000000761500000,0x0000000761500000)
  from space 48640K, 0% used [0x0000000764680000,0x00000007646ed170,0x0000000767600000)
  to   space 49664K, 0% used [0x0000000761500000,0x0000000761500000,0x0000000764580000)
 ParOldGen       total 139264K, used 79505K [0x00000005c4000000, 0x00000005cc800000, 0x0000000716b00000)
  object space 139264K, 57% used [0x00000005c4000000,0x00000005c8da4740,0x00000005cc800000)
 Metaspace       used 11120K, capacity 11320K, committed 11392K, reserved 1058816K
  class space    used 1041K, capacity 1098K, committed 1152K, reserved 1048576K

