# JRE version: Java(TM) SE Runtime Environment (8.0_111-b14) (build 1.8.0_111-b14)
# Java VM: Java HotSpot(TM) 64-Bit Server VM (25.111-b14 mixed mode linux-amd64 compressed oops)
Heap:
 PSYoungGen      total 1449984K, used 52747K [0x0000000716b00000, 0x000000078f200000, 0x00000007c0000000)
  eden space 1046016K, 0% used [0x0000000716b00000,0x0000000716b00000,0x0000000756880000)
  from space 403968K, 13% used [0x0000000771800000,0x0000000774b82d48,0x000000078a280000)
  to   space 441856K, 0% used [0x0000000756880000,0x0000000756880000,0x0000000771800000)
 ParOldGen       total 2199040K, used 2198716K [0x00000005c4000000, 0x000000064a380000, 0x0000000716b00000)
  object space 2199040K, 99% used [0x00000005c4000000,0x000000064a32f170,0x000000064a380000)
 Metaspace       used 9187K, capacity 9374K, committed 9472K, reserved 1058816K
  class space    used 958K, capacity 1015K, committed 1024K, reserved 1048576K
GC Heap History (10 events):
Event: 5,993 GC heap after
Heap after GC invocations=27 (full 8):
 PSYoungGen      total 1026048K, used 66926K [0x0000000716b00000, 0x0000000776880000, 0x00000007c0000000)
  eden space 745984K, 0% used [0x0000000716b00000,0x0000000716b00000,0x0000000744380000)
  from space 280064K, 23% used [0x0000000744380000,0x00000007484db808,0x0000000755500000)
  to   space 323584K, 0% used [0x0000000762c80000,0x0000000762c80000,0x0000000776880000)
 ParOldGen       total 1732096K, used 1333810K [0x00000005c4000000, 0x000000062db80000, 0x0000000716b00000)
  object space 1732096K, 77% used [0x00000005c4000000,0x000000061568c968,0x000000062db80000)
 Metaspace       used 9181K, capacity 9374K, committed 9472K, reserved 1058816K
  class space    used 958K, capacity 1015K, committed 1024K, reserved 1048576K
}
Event: 6,212 GC heap before
{Heap before GC invocations=28 (full 8):
 PSYoungGen      total 1026048K, used 812910K [0x0000000716b00000, 0x0000000776880000, 0x00000007c0000000)
  eden space 745984K, 100% used [0x0000000716b00000,0x0000000744380000,0x0000000744380000)
  from space 280064K, 23% used [0x0000000744380000,0x00000007484db808,0x0000000755500000)
  to   space 323584K, 0% used [0x0000000762c80000,0x0000000762c80000,0x0000000776880000)
 ParOldGen       total 1732096K, used 1333810K [0x00000005c4000000, 0x000000062db80000, 0x0000000716b00000)
  object space 1732096K, 77% used [0x00000005c4000000,0x000000061568c968,0x000000062db80000)
 Metaspace       used 9181K, capacity 9374K, committed 9472K, reserved 1058816K
  class space    used 958K, capacity 1015K, committed 1024K, reserved 1048576K
Event: 6,418 GC heap after
Heap after GC invocations=28 (full 8):
 PSYoungGen      total 1211392K, used 272644K [0x0000000716b00000, 0x000000077a100000, 0x00000007c0000000)
  eden space 887808K, 0% used [0x0000000716b00000,0x0000000716b00000,0x000000074ce00000)
  from space 323584K, 84% used [0x0000000762c80000,0x00000007736c1020,0x0000000776880000)
  to   space 358912K, 0% used [0x000000074ce00000,0x000000074ce00000,0x0000000762c80000)
 ParOldGen       total 1732096K, used 1419401K [0x00000005c4000000, 0x000000062db80000, 0x0000000716b00000)
  object space 1732096K, 81% used [0x00000005c4000000,0x000000061aa225f0,0x000000062db80000)
 Metaspace       used 9181K, capacity 9374K, committed 9472K, reserved 1058816K
  class space    used 958K, capacity 1015K, committed 1024K, reserved 1048576K
}
Event: 6,810 GC heap before
{Heap before GC invocations=29 (full 8):
 PSYoungGen      total 1211392K, used 1160452K [0x0000000716b00000, 0x000000077a100000, 0x00000007c0000000)
  eden space 887808K, 100% used [0x0000000716b00000,0x000000074ce00000,0x000000074ce00000)
  from space 323584K, 84% used [0x0000000762c80000,0x00000007736c1020,0x0000000776880000)
  to   space 358912K, 0% used [0x000000074ce00000,0x000000074ce00000,0x0000000762c80000)
 ParOldGen       total 1732096K, used 1419401K [0x00000005c4000000, 0x000000062db80000, 0x0000000716b00000)
  object space 1732096K, 81% used [0x00000005c4000000,0x000000061aa225f0,0x000000062db80000)
 Metaspace       used 9187K, capacity 9374K, committed 9472K, reserved 1058816K
  class space    used 958K, capacity 1015K, committed 1024K, reserved 1048576K
Event: 7,011 GC heap after
Heap after GC invocations=29 (full 8):
 PSYoungGen      total 1246720K, used 318715K [0x0000000716b00000, 0x000000078a280000, 0x00000007c0000000)
  eden space 887808K, 0% used [0x0000000716b00000,0x0000000716b00000,0x000000074ce00000)
  from space 358912K, 88% used [0x000000074ce00000,0x000000076053ee90,0x0000000762c80000)
  to   space 403968K, 0% used [0x0000000771800000,0x0000000771800000,0x000000078a280000)
 ParOldGen       total 1732096K, used 1708566K [0x00000005c4000000, 0x000000062db80000, 0x0000000716b00000)
  object space 1732096K, 98% used [0x00000005c4000000,0x000000062c485910,0x000000062db80000)
 Metaspace       used 9187K, capacity 9374K, committed 9472K, reserved 1058816K
  class space    used 958K, capacity 1015K, committed 1024K, reserved 1048576K
}
Event: 7,011 GC heap before
{Heap before GC invocations=30 (full 9):
 PSYoungGen      total 1246720K, used 318715K [0x0000000716b00000, 0x000000078a280000, 0x00000007c0000000)
  eden space 887808K, 0% used [0x0000000716b00000,0x0000000716b00000,0x000000074ce00000)
  from space 358912K, 88% used [0x000000074ce00000,0x000000076053ee90,0x0000000762c80000)
  to   space 403968K, 0% used [0x0000000771800000,0x0000000771800000,0x000000078a280000)
 ParOldGen       total 1732096K, used 1708566K [0x00000005c4000000, 0x000000062db80000, 0x0000000716b00000)
  object space 1732096K, 98% used [0x00000005c4000000,0x000000062c485910,0x000000062db80000)
 Metaspace       used 9187K, capacity 9374K, committed 9472K, reserved 1058816K
  class space    used 958K, capacity 1015K, committed 1024K, reserved 1048576K
Event: 7,294 GC heap after
Heap after GC invocations=30 (full 9):
 PSYoungGen      total 1246720K, used 220493K [0x0000000716b00000, 0x000000078a280000, 0x00000007c0000000)
  eden space 887808K, 0% used [0x0000000716b00000,0x0000000716b00000,0x000000074ce00000)
  from space 358912K, 61% used [0x000000074ce00000,0x000000075a553440,0x0000000762c80000)
  to   space 403968K, 0% used [0x0000000771800000,0x0000000771800000,0x000000078a280000)
 ParOldGen       total 2199040K, used 1732012K [0x00000005c4000000, 0x000000064a380000, 0x0000000716b00000)
  object space 2199040K, 78% used [0x00000005c4000000,0x000000062db6b0f0,0x000000064a380000)
 Metaspace       used 9187K, capacity 9374K, committed 9472K, reserved 1058816K
  class space    used 958K, capacity 1015K, committed 1024K, reserved 1048576K
}
Event: 7,553 GC heap before
{Heap before GC invocations=31 (full 9):
 PSYoungGen      total 1246720K, used 1108301K [0x0000000716b00000, 0x000000078a280000, 0x00000007c0000000)
  eden space 887808K, 100% used [0x0000000716b00000,0x000000074ce00000,0x000000074ce00000)
  from space 358912K, 61% used [0x000000074ce00000,0x000000075a553440,0x0000000762c80000)
  to   space 403968K, 0% used [0x0000000771800000,0x0000000771800000,0x000000078a280000)
 ParOldGen       total 2199040K, used 1732012K [0x00000005c4000000, 0x000000064a380000, 0x0000000716b00000)
  object space 2199040K, 78% used [0x00000005c4000000,0x000000062db6b0f0,0x000000064a380000)
 Metaspace       used 9187K, capacity 9374K, committed 9472K, reserved 1058816K
  class space    used 958K, capacity 1015K, committed 1024K, reserved 1048576K
Event: 7,842 GC heap after
Heap after GC invocations=31 (full 9):
 PSYoungGen      total 1449984K, used 324163K [0x0000000716b00000, 0x000000078f200000, 0x00000007c0000000)
  eden space 1046016K, 0% used [0x0000000716b00000,0x0000000716b00000,0x0000000756880000)
  from space 403968K, 80% used [0x0000000771800000,0x0000000785490e58,0x000000078a280000)
  to   space 441856K, 0% used [0x0000000756880000,0x0000000756880000,0x0000000771800000)
 ParOldGen       total 2199040K, used 1966215K [0x00000005c4000000, 0x000000064a380000, 0x0000000716b00000)
  object space 2199040K, 89% used [0x00000005c4000000,0x000000063c021fc8,0x000000064a380000)
 Metaspace       used 9187K, capacity 9374K, committed 9472K, reserved 1058816K
  class space    used 958K, capacity 1015K, committed 1024K, reserved 1048576K
}
Event: 7,842 GC heap before
{Heap before GC invocations=32 (full 10):
 PSYoungGen      total 1449984K, used 324163K [0x0000000716b00000, 0x000000078f200000, 0x00000007c0000000)
  eden space 1046016K, 0% used [0x0000000716b00000,0x0000000716b00000,0x0000000756880000)
  from space 403968K, 80% used [0x0000000771800000,0x0000000785490e58,0x000000078a280000)
  to   space 441856K, 0% used [0x0000000756880000,0x0000000756880000,0x0000000771800000)
 ParOldGen       total 2199040K, used 1966215K [0x00000005c4000000, 0x000000064a380000, 0x0000000716b00000)
  object space 2199040K, 89% used [0x00000005c4000000,0x000000063c021fc8,0x000000064a380000)
 Metaspace       used 9187K, capacity 9374K, committed 9472K, reserved 1058816K
  class space    used 958K, capacity 1015K, committed 1024K, reserved 1048576K

